Log file open, 10/17/17 23:19:53
LogWindows: Failed to load 'aqProf.dll' (GetLastError=126)
LogWindows: File 'aqProf.dll' does not exist
LogWindows: Failed to load 'VSPerf140.dll' (GetLastError=126)
LogWindows: File 'VSPerf140.dll' does not exist
LogWindows: Failed to load 'VtuneApi.dll' (GetLastError=126)
LogWindows: File 'VtuneApi.dll' does not exist
LogWindows: Failed to load 'VtuneApi32e.dll' (GetLastError=126)
LogWindows: File 'VtuneApi32e.dll' does not exist
LogInit: Display: Running engine for game: MyProject2
LogPlatformFile: Not using cached read wrapper
LogInit: Display: RandInit(-85945478) SRandInit(-85945478).
LogTaskGraph: Started task graph with 5 named threads and 14 total threads with 3 sets of task threads.
LogStats: Stats thread started at 0.160407
LogD3D11RHI: Aftermath initialized
LogPluginManager: Mounting plugin Paper2D
LogPluginManager: Mounting plugin LightPropagationVolume
LogPluginManager: Mounting plugin CodeLiteSourceCodeAccess
LogPluginManager: Mounting plugin GitSourceControl
LogPluginManager: Mounting plugin KDevelopSourceCodeAccess
LogPluginManager: Mounting plugin NullSourceCodeAccess
LogPluginManager: Mounting plugin PerforceSourceControl
LogPluginManager: Mounting plugin SubversionSourceControl
LogPluginManager: Mounting plugin UObjectPlugin
LogPluginManager: Mounting plugin VisualStudioSourceCodeAccess
LogPluginManager: Mounting plugin XCodeSourceCodeAccess
LogPluginManager: Mounting plugin AssetManagerEditor
LogPluginManager: Mounting plugin AudioCapture
LogPluginManager: Mounting plugin FacialAnimation
LogPluginManager: Mounting plugin GameplayTagsEditor
LogPluginManager: Mounting plugin MobileLauncherProfileWizard
LogPluginManager: Mounting plugin PluginBrowser
LogPluginManager: Mounting plugin SpeedTreeImporter
LogPluginManager: Mounting plugin AlembicImporter
LogPluginManager: Mounting plugin CharacterAI
LogPluginManager: Mounting plugin HTML5Networking
LogPluginManager: Mounting plugin AndroidMedia
LogPluginManager: Mounting plugin AvfMedia
LogPluginManager: Mounting plugin MediaPlayerEditor
LogPluginManager: Mounting plugin WmfMedia
LogPluginManager: Mounting plugin TcpMessaging
LogPluginManager: Mounting plugin UdpMessaging
LogPluginManager: Mounting plugin LevelSequenceEditor
LogPluginManager: Mounting plugin MatineeToLevelSequence
LogPluginManager: Mounting plugin OnlineSubsystemGooglePlay
LogPluginManager: Mounting plugin OnlineSubsystemIOS
LogPluginManager: Mounting plugin OnlineSubsystem
LogPluginManager: Mounting plugin OnlineSubsystemNull
LogPluginManager: Mounting plugin OnlineSubsystemUtils
LogPluginManager: Mounting plugin AndroidDeviceProfileSelector
LogPluginManager: Mounting plugin AndroidMoviePlayer
LogPluginManager: Mounting plugin AndroidPermission
LogPluginManager: Mounting plugin AppleMoviePlayer
LogPluginManager: Mounting plugin ArchVisCharacter
LogPluginManager: Mounting plugin CableComponent
LogPluginManager: Mounting plugin CustomMeshComponent
LogPluginManager: Mounting plugin ExampleDeviceProfileSelector
LogPluginManager: Mounting plugin GoogleCloudMessaging
LogPluginManager: Mounting plugin ImmediatePhysics
LogPluginManager: Mounting plugin IOSDeviceProfileSelector
LogPluginManager: Mounting plugin LinuxDeviceProfileSelector
LogPluginManager: Mounting plugin LocationServicesBPLibrary
LogPluginManager: Mounting plugin MobilePatchingUtils
LogPluginManager: Mounting plugin OculusVR
LogPluginManager: Mounting plugin PhysXVehicles
LogPluginManager: Mounting plugin ProceduralMeshComponent
LogPluginManager: Mounting plugin RuntimePhysXCooking
LogPluginManager: Mounting plugin SteamVR
LogPluginManager: Mounting plugin WindowsMoviePlayer
LogInit: Using libcurl 7.47.1
LogInit:  - built for x86_64-pc-win32
LogInit:  - supports SSL with OpenSSL/1.0.2g
LogInit:  - supports HTTP deflate (compression) using libz 1.2.8
LogInit:  - other features:
LogInit:      CURL_VERSION_SSL
LogInit:      CURL_VERSION_LIBZ
LogInit:      CURL_VERSION_IPV6
LogInit:      CURL_VERSION_ASYNCHDNS
LogInit:      CURL_VERSION_LARGEFILE
LogInit:      CURL_VERSION_IDN
LogInit:  CurlRequestOptions (configurable via config and command line):
LogInit:  - bVerifyPeer = false  - Libcurl will NOT verify peer certificate
LogInit:  - bUseHttpProxy = false  - Libcurl will NOT use HTTP proxy
LogInit:  - bDontReuseConnections = false  - Libcurl will reuse connections
LogInit:  - CertBundlePath = nullptr  - Libcurl will use whatever was configured at build time.
LogInit: Build: ++UE4+Release-4.17-CL-3658906
LogInit: Engine Version: 4.17.2-3658906+++UE4+Release-4.17
LogInit: Compatible Engine Version: 4.17.0-3573198+++UE4+Release-4.17
LogInit: Net CL: 3573198
LogDevObjectVersion: Number of dev versions registered: 16
LogDevObjectVersion:   Dev-Blueprints (B0D832E4-1F89-4F0D-ACCF-7EB736FD4AA2): 10
LogDevObjectVersion:   Dev-Build (E1C64328-A22C-4D53-A36C-8E866417BD8C): 0
LogDevObjectVersion:   Dev-Core (375EC13C-06E4-48FB-B500-84F0262A717E): 2
LogDevObjectVersion:   Dev-Editor (E4B068ED-F494-42E9-A231-DA0B2E46BB41): 20
LogDevObjectVersion:   Dev-Framework (CFFC743F-43B0-4480-9391-14DF171D2073): 28
LogDevObjectVersion:   Dev-Mobile (B02B49B5-BB20-44E9-A304-32B752E40360): 0
LogDevObjectVersion:   Dev-Networking (A4E4105C-59A1-49B5-A7C5-40C4547EDFEE): 0
LogDevObjectVersion:   Dev-Online (39C831C9-5AE6-47DC-9A44-9C173E1C8E7C): 0
LogDevObjectVersion:   Dev-Physics (78F01B33-EBEA-4F98-B9B4-84EACCB95AA2): 0
LogDevObjectVersion:   Dev-Platform (6631380F-2D4D-43E0-8009-CF276956A95A): 0
LogDevObjectVersion:   Dev-Rendering (12F88B9F-8875-4AFC-A67C-D90C383ABD29): 19
LogDevObjectVersion:   Dev-Sequencer (7B5AE74C-D270-4C10-A958-57980B212A5A): 4
LogDevObjectVersion:   Dev-VR (D7296918-1DD6-4BDD-9DE2-64A83CC13884): 0
LogDevObjectVersion:   Dev-LoadTimes (C2A15278-BFE7-4AFE-6C17-90FF531DF755): 1
LogDevObjectVersion:   Private-Geometry (6EACA3D4-40EC-4CC1-B786-8BED09428FC5): 1
LogDevObjectVersion:   Dev-AnimPhys (29E575DD-E0A3-4627-9D10-D276232CDCEA): 7
LogInit: Compiled (64-bit): Sep 22 2017 13:47:16
LogInit: Compiled with Visual C++: 19.00.24215.01
LogInit: Build Configuration: Development
LogInit: Branch Name: ++UE4+Release-4.17
LogInit: Command line: -EpicPortal 
LogInit: Base directory: C:/Program Files/Epic Games/UE_4.17/Engine/Binaries/Win64/
LogInit: Installed Engine Build: 1
LogInit: Presizing for max 8388607 objects, including 0 objects not considered by GC, pre-allocating 0 bytes for permanent pool.
LogInit: Object subsystem initialized
[2017.10.17-22.19.53:953][  0]LogInit: Selected Device Profile: [Windows]
[2017.10.17-22.19.53:953][  0]LogInit: Applying CVar settings loaded from the selected device profile: [Windows]
[2017.10.17-22.19.53:966][  0]LogInit: Computer: DESKTOP-1DHDLKM
[2017.10.17-22.19.53:966][  0]LogInit: User: Eduardo
[2017.10.17-22.19.53:966][  0]LogInit: CPU Page size=4096, Cores=4
[2017.10.17-22.19.53:966][  0]LogInit: High frequency timer resolution =3.421881 MHz
[2017.10.17-22.19.53:966][  0]LogMemory: Memory total: Physical=15.9GB (16GB approx)
[2017.10.17-22.19.53:966][  0]LogMemory: Platform Memory Stats for Windows
[2017.10.17-22.19.53:966][  0]LogMemory: Process Physical Memory: 277.97 MB used, 277.97 MB peak
[2017.10.17-22.19.53:966][  0]LogMemory: Process Virtual Memory: 273.89 MB used, 273.89 MB peak
[2017.10.17-22.19.53:966][  0]LogMemory: Physical Memory: 4778.80 MB used,  11534.37 MB free, 16313.17 MB total
[2017.10.17-22.19.53:966][  0]LogMemory: Virtual Memory: 668.04 MB used,  11534.37 MB free, 134217728.00 MB total
[2017.10.17-22.19.54:093][  0]LogInit: Using OS detected language (es-ES).
[2017.10.17-22.19.54:093][  0]LogInit: Using OS detected locale (es-ES).
[2017.10.17-22.19.54:095][  0]LogTextLocalizationManager: No specific localization for 'es-ES' exists, so the 'es' localization will be used.
[2017.10.17-22.19.54:458][  0]LogD3D11RHI: D3D11 adapters:
[2017.10.17-22.19.54:497][  0]LogD3D11RHI:    0. 'NVIDIA GeForce GTX 1070' (Feature Level 11_0)
[2017.10.17-22.19.54:497][  0]LogD3D11RHI:       8085/0/8156 MB DedicatedVideo/DedicatedSystem/SharedSystem, Outputs:1, VendorId:0x10de
[2017.10.17-22.19.54:498][  0]LogD3D11RHI:    1. 'Microsoft Basic Render Driver' (Feature Level 11_0)
[2017.10.17-22.19.54:498][  0]LogD3D11RHI:       0/0/8156 MB DedicatedVideo/DedicatedSystem/SharedSystem, Outputs:0, VendorId:0x1414
[2017.10.17-22.19.54:498][  0]LogD3D11RHI: Chosen D3D11 Adapter: 0
[2017.10.17-22.19.54:502][  0]LogD3D11RHI: Creating new Direct3DDevice
[2017.10.17-22.19.54:502][  0]LogD3D11RHI:     GPU DeviceId: 0x1b81 (for the marketing name, search the web for "GPU Device Id")
[2017.10.17-22.19.54:502][  0]LogWindows: EnumDisplayDevices:
[2017.10.17-22.19.54:503][  0]LogWindows:    0. 'NVIDIA GeForce GTX 1070' (P:1 D:1)
[2017.10.17-22.19.54:503][  0]LogWindows:    1. 'NVIDIA GeForce GTX 1070' (P:0 D:0)
[2017.10.17-22.19.54:503][  0]LogWindows:    2. 'NVIDIA GeForce GTX 1070' (P:0 D:0)
[2017.10.17-22.19.54:503][  0]LogWindows:    3. 'NVIDIA GeForce GTX 1070' (P:0 D:0)
[2017.10.17-22.19.54:503][  0]LogWindows: DebugString: FoundDriverCount:4 
[2017.10.17-22.19.54:503][  0]LogD3D11RHI:     Adapter Name: NVIDIA GeForce GTX 1070
[2017.10.17-22.19.54:503][  0]LogD3D11RHI:   Driver Version: 384.94 (internal:22.21.13.8494, unified:384.94)
[2017.10.17-22.19.54:503][  0]LogD3D11RHI:      Driver Date: 7-18-2017
[2017.10.17-22.19.54:503][  0]LogRHI: Texture pool is 1361 MB (70% of 1945 MB)
[2017.10.17-22.19.54:527][  0]LogD3D11RHI: Async texture creation enabled
[2017.10.17-22.19.54:537][  0]LogD3D11RHI: GPU Timing Frequency: 1000.000000 (Debug: 2 1)
[2017.10.17-22.19.54:586][  0]LogShaderCompilers: Guid format shader working directory is -30 characters bigger than the processId version (../../../../../../Users/Eduardo/Documents/Unreal Projects/4TheElemetsUEProject/Intermediate/Shaders/WorkingDirectory/5696/).
[2017.10.17-22.19.54:586][  0]LogShaderCompilers: Cleaned the shader compiler working directory 'C:/Users/Eduardo/AppData/Local/Temp/UnrealShaderWorkingDir/633A47B94D2DA00A7264C4AECED2DDD8/'.
[2017.10.17-22.19.54:586][  0]LogShaderCompilers: Display: Using Local Shader Compiler.
[2017.10.17-22.19.55:356][  0]LogTemp: Display: Loaded TP AllDesktopTargetPlatform
[2017.10.17-22.19.55:398][  0]LogTemp: Display: Loaded TP MacClientTargetPlatform
[2017.10.17-22.19.55:441][  0]LogTemp: Display: Loaded TP MacNoEditorTargetPlatform
[2017.10.17-22.19.55:485][  0]LogTemp: Display: Loaded TP MacServerTargetPlatform
[2017.10.17-22.19.55:527][  0]LogTemp: Display: Loaded TP MacTargetPlatform
[2017.10.17-22.19.55:572][  0]LogTemp: Display: Loaded TP WindowsClientTargetPlatform
[2017.10.17-22.19.55:616][  0]LogTemp: Display: Loaded TP WindowsNoEditorTargetPlatform
[2017.10.17-22.19.55:658][  0]LogTemp: Display: Loaded TP WindowsServerTargetPlatform
[2017.10.17-22.19.55:696][  0]LogTemp: Display: Loaded TP WindowsTargetPlatform
[2017.10.17-22.19.55:740][  0]LogTemp: Display: Loaded TP AndroidTargetPlatform
[2017.10.17-22.19.55:783][  0]LogTemp: Display: Loaded TP Android_ASTCTargetPlatform
[2017.10.17-22.19.55:825][  0]LogTemp: Display: Loaded TP Android_ATCTargetPlatform
[2017.10.17-22.19.55:868][  0]LogTemp: Display: Loaded TP Android_DXTTargetPlatform
[2017.10.17-22.19.55:912][  0]LogTemp: Display: Loaded TP Android_ETC1TargetPlatform
[2017.10.17-22.19.55:958][  0]LogTemp: Display: Loaded TP Android_ETC2TargetPlatform
[2017.10.17-22.19.56:049][  0]LogTemp: Display: Loaded TP Android_MultiTargetPlatform
[2017.10.17-22.19.56:049][  0]LogTemp: Display: Loaded TP Android_PVRTCTargetPlatform
[2017.10.17-22.19.56:087][  0]LogTemp: Display: Loaded TP HTML5TargetPlatform
[2017.10.17-22.19.56:176][  0]LogTemp: Display: Loaded TP IOSTargetPlatform
[2017.10.17-22.19.56:203][  0]LogTemp: Display: Loaded TP TVOSTargetPlatform
[2017.10.17-22.19.56:251][  0]LogTemp: Display: Loaded TP LinuxClientTargetPlatform
[2017.10.17-22.19.56:294][  0]LogTemp: Display: Loaded TP LinuxNoEditorTargetPlatform
[2017.10.17-22.19.56:339][  0]LogTemp: Display: Loaded TP LinuxServerTargetPlatform
[2017.10.17-22.19.56:381][  0]LogTemp: Display: Loaded TP LinuxTargetPlatform
[2017.10.17-22.19.56:381][  0]LogTargetPlatformManager: Display: Building Assets For Windows
[2017.10.17-22.19.56:834][  0]LogDerivedDataCache: Display: Max Cache Size: 512 MB
[2017.10.17-22.19.56:916][  0]LogDerivedDataCache: Loaded boot cache 0.08s 93MB C:/Users/Eduardo/AppData/Local/UnrealEngine/4.17/DerivedDataCache/Boot.ddc.
[2017.10.17-22.19.56:917][  0]LogDerivedDataCache: Display: Loaded Boot cache: C:/Users/Eduardo/AppData/Local/UnrealEngine/4.17/DerivedDataCache/Boot.ddc
[2017.10.17-22.19.56:917][  0]LogDerivedDataCache: FDerivedDataBackendGraph:  Pak pak cache file ../../../../../../Users/Eduardo/Documents/Unreal Projects/4TheElemetsUEProject/DerivedDataCache/DDC.ddp not found, will not use a pak cache.
[2017.10.17-22.19.56:917][  0]LogDerivedDataCache: Unable to find inner node Pak for hierarchical cache Hierarchy.
[2017.10.17-22.19.56:917][  0]LogDerivedDataCache: FDerivedDataBackendGraph:  CompressedPak pak cache file ../../../../../../Users/Eduardo/Documents/Unreal Projects/4TheElemetsUEProject/DerivedDataCache/Compressed.ddp not found, will not use a pak cache.
[2017.10.17-22.19.56:917][  0]LogDerivedDataCache: Unable to find inner node CompressedPak for hierarchical cache Hierarchy.
[2017.10.17-22.19.56:938][  0]LogDerivedDataCache: Display: Pak cache opened for reading ../../../Engine/DerivedDataCache/Compressed.ddp.
[2017.10.17-22.19.56:949][  0]LogDerivedDataCache: Using Local data cache path C:/Users/Eduardo/AppData/Local/UnrealEngine/Common/DerivedDataCache: Writable
[2017.10.17-22.19.56:960][  0]LogMaterial: Verifying Global Shaders for PCD3D_SM5
[2017.10.17-22.19.56:960][  0]LogSlate: Using Freetype 2.6.0
[2017.10.17-22.19.56:961][  0]LogSlate: SlateFontCache - WITH_FREETYPE: 1, WITH_HARFBUZZ: 1
[2017.10.17-22.19.56:961][  0]LogSlate: SlateFontCache - WITH_FREETYPE: 1, WITH_HARFBUZZ: 1
[2017.10.17-22.19.57:226][  0]LogAssetRegistry: FAssetRegistry took 0.0265 seconds to start up
[2017.10.17-22.19.57:347][  0]LogInit: Selected Device Profile: [Windows]
[2017.10.17-22.19.57:671][  0]LogSimplygon: Simplygon DLL not present - disabling.
[2017.10.17-22.19.57:706][  0]LogMeshReduction: Using SimplygonSwarm for distributed automatic mesh merging
[2017.10.17-22.19.57:707][  0]LogMeshReduction: Using QuadricMeshReduction for automatic static mesh reduction
[2017.10.17-22.19.57:707][  0]LogMeshReduction: No automatic skeletal mesh reduction module available
[2017.10.17-22.19.57:707][  0]LogMeshReduction: No automatic mesh merging module available
[2017.10.17-22.19.57:707][  0]LogMeshMerging: No automatic mesh merging module available
[2017.10.17-22.19.57:708][  0]LogContentStreaming: Texture pool size is 0.00 MB
[2017.10.17-22.19.58:125][  0]LogNetVersion: MyProject2 , NetCL: 3573198, EngineNetVer: 2, GameNetVer: 0 (Checksum: 237949846)
[2017.10.17-22.19.58:331][  0]LogPackageLocalizationCache: Processed 5 localized package path(s) for 2 prioritized culture(s) in 0.051143 seconds
[2017.10.17-22.19.58:337][  0]LogUObjectArray: 35825 objects as part of root set at end of initial load.
[2017.10.17-22.19.58:337][  0]LogUObjectAllocator: 7529112 out of 0 bytes used by permanent object pool.
[2017.10.17-22.19.58:337][  0]LogUObjectArray: CloseDisregardForGC: 0/0 objects in disregard for GC pool
[2017.10.17-22.19.58:394][  0]LogInit: WinSock: version 1.1 (2.2), MaxSocks=32767, MaxUdp=65467
[2017.10.17-22.20.00:637][  0]LogTcpMessaging: Initializing TcpMessaging bridge
[2017.10.17-22.20.00:672][  0]LogUdpMessaging: Initializing bridge on interface 0.0.0.0:0 to multicast group 230.0.0.1:6666.
[2017.10.17-22.20.01:193][  0]LogMaterial: Uniform references updated for custom material expression Custom.
[2017.10.17-22.20.01:522][  0]SourceControl: El control de código fuente está desactivado
[2017.10.17-22.20.01:522][  0]SourceControl: El control de código fuente está desactivado
[2017.10.17-22.20.01:561][  0]SourceControl: El control de código fuente está desactivado
[2017.10.17-22.20.01:601][  0]SourceControl: El control de código fuente está desactivado
[2017.10.17-22.20.02:069][  0]LogAndroidPermission: UAndroidPermissionCallbackProxy::GetInstance
[2017.10.17-22.20.02:274][  0]LogOcInput: OculusInput pre-init called
[2017.10.17-22.20.02:491][  0]LogEngine: Initializing Engine...
[2017.10.17-22.20.02:493][  0]LogHMD: Failed to initialize OpenVR with code 110
[2017.10.17-22.20.02:678][  0]LogStats: UGameplayTagsManager::ConstructGameplayTagTree: Construct from data asset -  0.000 s
[2017.10.17-22.20.02:679][  0]LogStats: UGameplayTagsManager::ConstructGameplayTagTree: GameplayTagTreeChangedEvent.Broadcast -  0.000 s
[2017.10.17-22.20.02:785][  0]LogAIModule: Creating AISystem for world Untitled
[2017.10.17-22.20.02:791][  0]LogInit: XAudio2 using 'Altavoces (Dispositivo de High Definition Audio)' : 2 channels at 48 kHz using 16 bits per sample (channel mask 0x3)
[2017.10.17-22.20.02:801][  0]LogInit: FAudioDevice initialized.
[2017.10.17-22.20.03:014][  0]LogDerivedDataCache: Saved boot cache 0.21s 93MB C:/Users/Eduardo/AppData/Local/UnrealEngine/4.17/DerivedDataCache/Boot.ddc.
[2017.10.17-22.20.03:052][  0]LogInit: Texture streaming: Enabled
[2017.10.17-22.20.03:192][  0]LogEngineSessionManager: EngineSessionManager initialized
[2017.10.17-22.20.03:411][  0]LogInit: Transaction tracking system initialized
[2017.10.17-22.20.03:699][  0]BlueprintLog: New page: Cargar el editor
[2017.10.17-22.20.04:453][  0]LocalizationService: Localization service is disabled
[2017.10.17-22.20.05:041][  0]LogConsoleResponse: Display: 
[2017.10.17-22.20.05:212][  0]LogCook: Display: Max memory allowance for cook 16384mb min free memory 0mb
[2017.10.17-22.20.05:212][  0]LogCook: Display: Mobile HDR setting 1
[2017.10.17-22.20.05:212][  0]LogGameplayTags: Display: UGameplayTagsManager::DoneAddingNativeTags. DelegateIsBound: 0
[2017.10.17-22.20.05:540][  0]LogFileCache: Scanning file cache for directory 'C:/Users/Eduardo/Documents/Unreal Projects/4TheElemetsUEProject/Content/' took 0.02s
[2017.10.17-22.20.06:126][  0]SourceControl: El control de código fuente está desactivado
[2017.10.17-22.20.06:126][  0]Cmd: MAP LOAD FILE="../../../../../../Users/Eduardo/Documents/Unreal Projects/4TheElemetsUEProject/Content/ThirdPersonBP/Maps/ThirdPersonExampleMap.umap" TEMPLATE=0 SHOWPROGRESS=1 FEATURELEVEL=3
[2017.10.17-22.20.06:127][  0]LightingResults: New page: Diseñar la iluminación
[2017.10.17-22.20.06:183][  0]MapCheck: New page: Revisión del mapa
[2017.10.17-22.20.06:183][  0]LightingResults: New page: Diseñar la iluminación
[2017.10.17-22.20.07:281][  0]LogAIModule: Creating AISystem for world ThirdPersonExampleMap
[2017.10.17-22.20.07:341][  0]LogEditorServer: Finished looking for orphan Actors (0.000 secs)
[2017.10.17-22.20.07:362][  0]Cmd: MAP CHECKDEP NOCLEARLOG
[2017.10.17-22.20.07:412][  0]MapCheck: Map check complete: 0 Error(s), 0 Warning(s), took 48,911ms to complete.
[2017.10.17-22.20.07:412][  0]LogFileHelpers: Loading map 'ThirdPersonExampleMap' took 1.285
[2017.10.17-22.20.07:630][  0]LogCollectionManager: Loaded 0 collections in 0.001282 seconds
[2017.10.17-22.20.07:728][  0]LogFileCache: Scanning file cache for directory 'C:/Users/Eduardo/Documents/Unreal Projects/4TheElemetsUEProject/Saved/Collections/' took 0.01s
[2017.10.17-22.20.07:728][  0]LogFileCache: Scanning file cache for directory 'C:/Users/Eduardo/Documents/Unreal Projects/4TheElemetsUEProject/Content/Developers/Eduardo/Collections/' took 0.01s
[2017.10.17-22.20.07:728][  0]LogFileCache: Scanning file cache for directory 'C:/Users/Eduardo/Documents/Unreal Projects/4TheElemetsUEProject/Content/Collections/' took 0.01s
[2017.10.17-22.20.07:728][  0]LogCollectionManager: Rebuilt the GUID cache for 0 collections in 0.000000 seconds
[2017.10.17-22.20.07:740][  0]LogContentBrowser: Native class hierarchy populated in 0.0106 seconds. Added 2386 classes and 500 folders.
[2017.10.17-22.20.07:808][  0]LogContentBrowser: Native class hierarchy updated for 'WidgetCarousel' in 0.0005 seconds. Added 0 classes and 0 folders.
[2017.10.17-22.20.08:178][  0]LogContentBrowser: Native class hierarchy updated for 'AddContentDialog' in 0.0005 seconds. Added 0 classes and 0 folders.
[2017.10.17-22.20.08:230][  0]LogContentBrowser: Native class hierarchy updated for 'SceneOutliner' in 0.0006 seconds. Added 1 classes and 2 folders.
[2017.10.17-22.20.08:321][  0]LogSlate: Took 0.000139 seconds to synchronously load lazily loaded font '../../../Engine/Content/Slate/Fonts/Roboto-Regular.ttf' (155K)
[2017.10.17-22.20.08:322][  0]LogSlate: Took 0.000170 seconds to synchronously load lazily loaded font '../../../Engine/Content/Slate/Fonts/Roboto-Bold.ttf' (160K)
[2017.10.17-22.20.08:336][  0]LogSlate: Took 0.005918 seconds to synchronously load lazily loaded font '../../../Engine/Content/Editor/Slate/Fonts/FontAwesome.ttf' (139K)
[2017.10.17-22.20.08:511][  0]LogRenderer: Reallocating scene render targets to support 1068x580 Format 10 NumSamples 1 (Frame:1).
[2017.10.17-22.20.08:801][  0]LogContentBrowser: Native class hierarchy updated for 'HierarchicalLODOutliner' in 0.0005 seconds. Added 1 classes and 2 folders.
[2017.10.17-22.20.08:802][  0]LogLoad: (Engine Initialization) Total time: 16.36 seconds
[2017.10.17-22.20.08:802][  0]LogLoad: (Engine Initialization) Total Blueprint compile time: 0.00 seconds
[2017.10.17-22.20.08:802][  0]LogExternalProfiler: No external profilers were discovered.  External profiling features will not be available.
[2017.10.17-22.20.09:177][  0]LogContentStreaming: Texture pool size now 1000 MB
[2017.10.17-22.20.09:245][  0]LogSlate: Took 0.005597 seconds to synchronously load lazily loaded font '../../../Engine/Content/Slate/Fonts/Roboto-Light.ttf' (159K)
[2017.10.17-22.20.09:849][  2]LogAssetRegistry: Asset discovery search completed in 12.6453 seconds
[2017.10.17-22.20.09:851][  2]LogCollectionManager: Rebuilt the object cache for 0 collections in 0.000001 seconds (found 0 objects)
[2017.10.17-22.20.09:852][  2]LogCollectionManager: Fixed up redirectors for 0 collections in 0.000074 seconds (updated 0 objects)
[2017.10.17-22.29.59:278][392]LogTemp: Repeating last play command: Selected Viewport
[2017.10.17-22.29.59:324][392]LogBlueprintUserMessages: Early PlayInEditor Detection: Level '/Game/ThirdPersonBP/Maps/ThirdPersonExampleMap.ThirdPersonExampleMap:PersistentLevel' has LevelScriptBlueprint '/Game/ThirdPersonBP/Maps/ThirdPersonExampleMap.ThirdPersonExampleMap:PersistentLevel.ThirdPersonExampleMap' with GeneratedClass '/Game/ThirdPersonBP/Maps/ThirdPersonExampleMap.ThirdPersonExampleMap_C' with ClassGeneratedBy '/Game/ThirdPersonBP/Maps/ThirdPersonExampleMap.ThirdPersonExampleMap:PersistentLevel.ThirdPersonExampleMap'
[2017.10.17-22.29.59:325][392]LogPlayLevel: PlayLevel: No blueprints needed recompiling
[2017.10.17-22.29.59:332][392]PIE: New page: Sesión PIE (reproducción en el editor): ThirdPersonExampleMap (18/10/2017 0:29:59)
[2017.10.17-22.29.59:332][392]LogPlayLevel: Creating play world package: /Game/ThirdPersonBP/Maps/UEDPIE_0_ThirdPersonExampleMap
[2017.10.17-22.29.59:365][392]LogPlayLevel: PIE: StaticDuplicateObject took: (0.031858s)
[2017.10.17-22.29.59:365][392]LogAIModule: Creating AISystem for world ThirdPersonExampleMap
[2017.10.17-22.29.59:365][392]LogPlayLevel: PIE: World Init took: (0.000656s)
[2017.10.17-22.29.59:366][392]LogPlayLevel: PIE: Created PIE world by copying editor world from /Game/ThirdPersonBP/Maps/ThirdPersonExampleMap.ThirdPersonExampleMap to /Game/ThirdPersonBP/Maps/UEDPIE_0_ThirdPersonExampleMap.ThirdPersonExampleMap (0.033423s)
[2017.10.17-22.29.59:380][392]LogInit: XAudio2 using 'Altavoces (Dispositivo de High Definition Audio)' : 2 channels at 48 kHz using 16 bits per sample (channel mask 0x3)
[2017.10.17-22.29.59:386][392]LogInit: FAudioDevice initialized.
[2017.10.17-22.29.59:436][392]LogLoad: Game class is 'ThirdPersonGameMode_C'
[2017.10.17-22.29.59:459][392]LogWorld: Bringing World /Game/ThirdPersonBP/Maps/UEDPIE_0_ThirdPersonExampleMap.ThirdPersonExampleMap up for play (max tick rate 0) at 2017.10.17-23.29.59
[2017.10.17-22.29.59:461][392]LogWorld: Bringing up level for play took: 0.018828
[2017.10.17-22.29.59:507][392]LogContentBrowser: Native class hierarchy updated for 'MovieSceneCapture' in 0.0007 seconds. Added 11 classes and 0 folders.
[2017.10.17-22.29.59:510][392]PIE: Tiempo de inicio de la reproducción en el editor para  /Game/ThirdPersonBP/Maps/UEDPIE_0_ThirdPersonExampleMap 0,028
[2017.10.17-22.29.59:511][392]LogBlueprintUserMessages: Late PlayInEditor Detection: Level '/Game/ThirdPersonBP/Maps/ThirdPersonExampleMap.ThirdPersonExampleMap:PersistentLevel' has LevelScriptBlueprint '/Game/ThirdPersonBP/Maps/ThirdPersonExampleMap.ThirdPersonExampleMap:PersistentLevel.ThirdPersonExampleMap' with GeneratedClass '/Game/ThirdPersonBP/Maps/ThirdPersonExampleMap.ThirdPersonExampleMap_C' with ClassGeneratedBy '/Game/ThirdPersonBP/Maps/ThirdPersonExampleMap.ThirdPersonExampleMap:PersistentLevel.ThirdPersonExampleMap'
[2017.10.17-22.30.13:916][945]LogBlueprintUserMessages: Early EndPlayMap Detection: Level '/Game/ThirdPersonBP/Maps/ThirdPersonExampleMap.ThirdPersonExampleMap:PersistentLevel' has LevelScriptBlueprint '/Game/ThirdPersonBP/Maps/ThirdPersonExampleMap.ThirdPersonExampleMap:PersistentLevel.ThirdPersonExampleMap' with GeneratedClass '/Game/ThirdPersonBP/Maps/ThirdPersonExampleMap.ThirdPersonExampleMap_C' with ClassGeneratedBy '/Game/ThirdPersonBP/Maps/ThirdPersonExampleMap.ThirdPersonExampleMap:PersistentLevel.ThirdPersonExampleMap'
[2017.10.17-22.30.13:954][945]LogBlueprintUserMessages: Late EndPlayMap Detection: Level '/Game/ThirdPersonBP/Maps/ThirdPersonExampleMap.ThirdPersonExampleMap:PersistentLevel' has LevelScriptBlueprint '/Game/ThirdPersonBP/Maps/ThirdPersonExampleMap.ThirdPersonExampleMap:PersistentLevel.ThirdPersonExampleMap' with GeneratedClass '/Game/ThirdPersonBP/Maps/ThirdPersonExampleMap.ThirdPersonExampleMap_C' with ClassGeneratedBy '/Game/ThirdPersonBP/Maps/ThirdPersonExampleMap.ThirdPersonExampleMap:PersistentLevel.ThirdPersonExampleMap'
[2017.10.17-22.30.17:371][289]LogEditorViewport: Clicking on Actor (LMB): StaticMeshActor (monolite94)
[2017.10.17-22.30.22:239][823]LogEditorViewport: Clicking on Actor (LMB): StaticMeshActor (monolite99)
[2017.10.17-22.30.29:665][616]LogEditorViewport: Clicking on Actor (LMB): BP_Sky_Sphere_C (BP_Sky_Sphere)
[2017.10.17-22.30.45:282][360]LogEditorViewport: Clicking on Actor (LMB): Emitter (portal_blue)
[2017.10.17-22.30.46:230][461]LogTemp: Repeating last play command: Selected Viewport
[2017.10.17-22.30.46:246][461]LogBlueprintUserMessages: Early PlayInEditor Detection: Level '/Game/ThirdPersonBP/Maps/ThirdPersonExampleMap.ThirdPersonExampleMap:PersistentLevel' has LevelScriptBlueprint '/Game/ThirdPersonBP/Maps/ThirdPersonExampleMap.ThirdPersonExampleMap:PersistentLevel.ThirdPersonExampleMap' with GeneratedClass '/Game/ThirdPersonBP/Maps/ThirdPersonExampleMap.ThirdPersonExampleMap_C' with ClassGeneratedBy '/Game/ThirdPersonBP/Maps/ThirdPersonExampleMap.ThirdPersonExampleMap:PersistentLevel.ThirdPersonExampleMap'
[2017.10.17-22.30.46:246][461]LogPlayLevel: PlayLevel: No blueprints needed recompiling
[2017.10.17-22.30.46:246][461]PIE: New page: Sesión PIE (reproducción en el editor): ThirdPersonExampleMap (18/10/2017 0:30:46)
[2017.10.17-22.30.46:246][461]LogPlayLevel: Creating play world package: /Game/ThirdPersonBP/Maps/UEDPIE_0_ThirdPersonExampleMap
[2017.10.17-22.30.46:274][461]LogPlayLevel: PIE: StaticDuplicateObject took: (0.028054s)
[2017.10.17-22.30.46:275][461]LogAIModule: Creating AISystem for world ThirdPersonExampleMap
[2017.10.17-22.30.46:275][461]LogPlayLevel: PIE: World Init took: (0.000529s)
[2017.10.17-22.30.46:275][461]LogPlayLevel: PIE: Created PIE world by copying editor world from /Game/ThirdPersonBP/Maps/ThirdPersonExampleMap.ThirdPersonExampleMap to /Game/ThirdPersonBP/Maps/UEDPIE_0_ThirdPersonExampleMap.ThirdPersonExampleMap (0.028969s)
[2017.10.17-22.30.46:288][461]LogInit: XAudio2 using 'Altavoces (Dispositivo de High Definition Audio)' : 2 channels at 48 kHz using 16 bits per sample (channel mask 0x3)
[2017.10.17-22.30.46:292][461]LogInit: FAudioDevice initialized.
[2017.10.17-22.30.46:323][461]LogLoad: Game class is 'ThirdPersonGameMode_C'
[2017.10.17-22.30.46:338][461]LogWorld: Bringing World /Game/ThirdPersonBP/Maps/UEDPIE_0_ThirdPersonExampleMap.ThirdPersonExampleMap up for play (max tick rate 0) at 2017.10.17-23.30.46
[2017.10.17-22.30.46:339][461]LogWorld: Bringing up level for play took: 0.015551
[2017.10.17-22.30.46:340][461]PIE: Tiempo de inicio de la reproducción en el editor para  /Game/ThirdPersonBP/Maps/UEDPIE_0_ThirdPersonExampleMap 0,857
[2017.10.17-22.30.46:340][461]LogBlueprintUserMessages: Late PlayInEditor Detection: Level '/Game/ThirdPersonBP/Maps/ThirdPersonExampleMap.ThirdPersonExampleMap:PersistentLevel' has LevelScriptBlueprint '/Game/ThirdPersonBP/Maps/ThirdPersonExampleMap.ThirdPersonExampleMap:PersistentLevel.ThirdPersonExampleMap' with GeneratedClass '/Game/ThirdPersonBP/Maps/ThirdPersonExampleMap.ThirdPersonExampleMap_C' with ClassGeneratedBy '/Game/ThirdPersonBP/Maps/ThirdPersonExampleMap.ThirdPersonExampleMap:PersistentLevel.ThirdPersonExampleMap'
[2017.10.17-22.31.00:364][916]LogBlueprintUserMessages: Early EndPlayMap Detection: Level '/Game/ThirdPersonBP/Maps/ThirdPersonExampleMap.ThirdPersonExampleMap:PersistentLevel' has LevelScriptBlueprint '/Game/ThirdPersonBP/Maps/ThirdPersonExampleMap.ThirdPersonExampleMap:PersistentLevel.ThirdPersonExampleMap' with GeneratedClass '/Game/ThirdPersonBP/Maps/ThirdPersonExampleMap.ThirdPersonExampleMap_C' with ClassGeneratedBy '/Game/ThirdPersonBP/Maps/ThirdPersonExampleMap.ThirdPersonExampleMap:PersistentLevel.ThirdPersonExampleMap'
[2017.10.17-22.31.00:412][916]LogBlueprintUserMessages: Late EndPlayMap Detection: Level '/Game/ThirdPersonBP/Maps/ThirdPersonExampleMap.ThirdPersonExampleMap:PersistentLevel' has LevelScriptBlueprint '/Game/ThirdPersonBP/Maps/ThirdPersonExampleMap.ThirdPersonExampleMap:PersistentLevel.ThirdPersonExampleMap' with GeneratedClass '/Game/ThirdPersonBP/Maps/ThirdPersonExampleMap.ThirdPersonExampleMap_C' with ClassGeneratedBy '/Game/ThirdPersonBP/Maps/ThirdPersonExampleMap.ThirdPersonExampleMap:PersistentLevel.ThirdPersonExampleMap'
[2017.10.17-22.31.04:300][323]LogEditorViewport: Clicking on Actor (LMB): StaticMeshActor (monolite98)
[2017.10.17-22.31.06:581][574]LogEditorViewport: Clicking on Actor (LMB): StaticMeshActor (monolite99)
[2017.10.17-22.31.13:108][265]LogEditorViewport: Clicking on Actor (LMB): BP_Sky_Sphere_C (BP_Sky_Sphere)
[2017.10.17-22.31.14:490][414]LogEditorViewport: Clicking on Actor (LMB): StaticMeshActor (monolite99)
[2017.10.17-22.31.27:737][812]LogEditorViewport: Clicking on Actor (LMB): StaticMeshActor (monolite100)
[2017.10.17-22.31.36:729][767]LogTemp: Repeating last play command: Selected Viewport
[2017.10.17-22.31.36:745][767]LogBlueprintUserMessages: Early PlayInEditor Detection: Level '/Game/ThirdPersonBP/Maps/ThirdPersonExampleMap.ThirdPersonExampleMap:PersistentLevel' has LevelScriptBlueprint '/Game/ThirdPersonBP/Maps/ThirdPersonExampleMap.ThirdPersonExampleMap:PersistentLevel.ThirdPersonExampleMap' with GeneratedClass '/Game/ThirdPersonBP/Maps/ThirdPersonExampleMap.ThirdPersonExampleMap_C' with ClassGeneratedBy '/Game/ThirdPersonBP/Maps/ThirdPersonExampleMap.ThirdPersonExampleMap:PersistentLevel.ThirdPersonExampleMap'
[2017.10.17-22.31.36:745][767]LogPlayLevel: PlayLevel: No blueprints needed recompiling
[2017.10.17-22.31.36:745][767]PIE: New page: Sesión PIE (reproducción en el editor): ThirdPersonExampleMap (18/10/2017 0:31:36)
[2017.10.17-22.31.36:745][767]LogPlayLevel: Creating play world package: /Game/ThirdPersonBP/Maps/UEDPIE_0_ThirdPersonExampleMap
[2017.10.17-22.31.36:774][767]LogPlayLevel: PIE: StaticDuplicateObject took: (0.028950s)
[2017.10.17-22.31.36:775][767]LogAIModule: Creating AISystem for world ThirdPersonExampleMap
[2017.10.17-22.31.36:775][767]LogPlayLevel: PIE: World Init took: (0.000551s)
[2017.10.17-22.31.36:775][767]LogPlayLevel: PIE: Created PIE world by copying editor world from /Game/ThirdPersonBP/Maps/ThirdPersonExampleMap.ThirdPersonExampleMap to /Game/ThirdPersonBP/Maps/UEDPIE_0_ThirdPersonExampleMap.ThirdPersonExampleMap (0.029979s)
[2017.10.17-22.31.36:787][767]LogInit: XAudio2 using 'Altavoces (Dispositivo de High Definition Audio)' : 2 channels at 48 kHz using 16 bits per sample (channel mask 0x3)
[2017.10.17-22.31.36:792][767]LogInit: FAudioDevice initialized.
[2017.10.17-22.31.36:827][767]LogLoad: Game class is 'ThirdPersonGameMode_C'
[2017.10.17-22.31.36:843][767]LogWorld: Bringing World /Game/ThirdPersonBP/Maps/UEDPIE_0_ThirdPersonExampleMap.ThirdPersonExampleMap up for play (max tick rate 0) at 2017.10.17-23.31.36
[2017.10.17-22.31.36:844][767]LogWorld: Bringing up level for play took: 0.016025
[2017.10.17-22.31.36:845][767]PIE: Tiempo de inicio de la reproducción en el editor para  /Game/ThirdPersonBP/Maps/UEDPIE_0_ThirdPersonExampleMap -0,638
[2017.10.17-22.31.36:846][767]LogBlueprintUserMessages: Late PlayInEditor Detection: Level '/Game/ThirdPersonBP/Maps/ThirdPersonExampleMap.ThirdPersonExampleMap:PersistentLevel' has LevelScriptBlueprint '/Game/ThirdPersonBP/Maps/ThirdPersonExampleMap.ThirdPersonExampleMap:PersistentLevel.ThirdPersonExampleMap' with GeneratedClass '/Game/ThirdPersonBP/Maps/ThirdPersonExampleMap.ThirdPersonExampleMap_C' with ClassGeneratedBy '/Game/ThirdPersonBP/Maps/ThirdPersonExampleMap.ThirdPersonExampleMap:PersistentLevel.ThirdPersonExampleMap'
[2017.10.17-22.31.51:615][327]LogBlueprintUserMessages: Early EndPlayMap Detection: Level '/Game/ThirdPersonBP/Maps/ThirdPersonExampleMap.ThirdPersonExampleMap:PersistentLevel' has LevelScriptBlueprint '/Game/ThirdPersonBP/Maps/ThirdPersonExampleMap.ThirdPersonExampleMap:PersistentLevel.ThirdPersonExampleMap' with GeneratedClass '/Game/ThirdPersonBP/Maps/ThirdPersonExampleMap.ThirdPersonExampleMap_C' with ClassGeneratedBy '/Game/ThirdPersonBP/Maps/ThirdPersonExampleMap.ThirdPersonExampleMap:PersistentLevel.ThirdPersonExampleMap'
[2017.10.17-22.31.51:683][327]LogBlueprintUserMessages: Late EndPlayMap Detection: Level '/Game/ThirdPersonBP/Maps/ThirdPersonExampleMap.ThirdPersonExampleMap:PersistentLevel' has LevelScriptBlueprint '/Game/ThirdPersonBP/Maps/ThirdPersonExampleMap.ThirdPersonExampleMap:PersistentLevel.ThirdPersonExampleMap' with GeneratedClass '/Game/ThirdPersonBP/Maps/ThirdPersonExampleMap.ThirdPersonExampleMap_C' with ClassGeneratedBy '/Game/ThirdPersonBP/Maps/ThirdPersonExampleMap.ThirdPersonExampleMap:PersistentLevel.ThirdPersonExampleMap'
[2017.10.17-22.31.56:855][874]LogEditorViewport: Clicking on Actor (LMB): StaticMeshActor (monolite99)
[2017.10.17-22.32.05:170][768]LogEditorViewport: Clicking on Actor (LMB): StaticMeshActor (monolite98)
[2017.10.17-22.32.08:004][ 42]LogEditorViewport: Clicking on Actor (LMB): Emitter (portal_blue)
[2017.10.17-22.32.11:532][401]LogTemp: Repeating last play command: Selected Viewport
[2017.10.17-22.32.11:549][401]LogBlueprintUserMessages: Early PlayInEditor Detection: Level '/Game/ThirdPersonBP/Maps/ThirdPersonExampleMap.ThirdPersonExampleMap:PersistentLevel' has LevelScriptBlueprint '/Game/ThirdPersonBP/Maps/ThirdPersonExampleMap.ThirdPersonExampleMap:PersistentLevel.ThirdPersonExampleMap' with GeneratedClass '/Game/ThirdPersonBP/Maps/ThirdPersonExampleMap.ThirdPersonExampleMap_C' with ClassGeneratedBy '/Game/ThirdPersonBP/Maps/ThirdPersonExampleMap.ThirdPersonExampleMap:PersistentLevel.ThirdPersonExampleMap'
[2017.10.17-22.32.11:549][401]LogPlayLevel: PlayLevel: No blueprints needed recompiling
[2017.10.17-22.32.11:550][401]PIE: New page: Sesión PIE (reproducción en el editor): ThirdPersonExampleMap (18/10/2017 0:32:11)
[2017.10.17-22.32.11:550][401]LogPlayLevel: Creating play world package: /Game/ThirdPersonBP/Maps/UEDPIE_0_ThirdPersonExampleMap
[2017.10.17-22.32.11:579][401]LogPlayLevel: PIE: StaticDuplicateObject took: (0.029478s)
[2017.10.17-22.32.11:579][401]LogAIModule: Creating AISystem for world ThirdPersonExampleMap
[2017.10.17-22.32.11:580][401]LogPlayLevel: PIE: World Init took: (0.000527s)
[2017.10.17-22.32.11:580][401]LogPlayLevel: PIE: Created PIE world by copying editor world from /Game/ThirdPersonBP/Maps/ThirdPersonExampleMap.ThirdPersonExampleMap to /Game/ThirdPersonBP/Maps/UEDPIE_0_ThirdPersonExampleMap.ThirdPersonExampleMap (0.030510s)
[2017.10.17-22.32.11:591][401]LogInit: XAudio2 using 'Altavoces (Dispositivo de High Definition Audio)' : 2 channels at 48 kHz using 16 bits per sample (channel mask 0x3)
[2017.10.17-22.32.11:596][401]LogInit: FAudioDevice initialized.
[2017.10.17-22.32.11:626][401]LogLoad: Game class is 'ThirdPersonGameMode_C'
[2017.10.17-22.32.11:642][401]LogWorld: Bringing World /Game/ThirdPersonBP/Maps/UEDPIE_0_ThirdPersonExampleMap.ThirdPersonExampleMap up for play (max tick rate 0) at 2017.10.17-23.32.11
[2017.10.17-22.32.11:643][401]LogWorld: Bringing up level for play took: 0.015758
[2017.10.17-22.32.11:644][401]PIE: Tiempo de inicio de la reproducción en el editor para  /Game/ThirdPersonBP/Maps/UEDPIE_0_ThirdPersonExampleMap 0,161
[2017.10.17-22.32.11:645][401]LogBlueprintUserMessages: Late PlayInEditor Detection: Level '/Game/ThirdPersonBP/Maps/ThirdPersonExampleMap.ThirdPersonExampleMap:PersistentLevel' has LevelScriptBlueprint '/Game/ThirdPersonBP/Maps/ThirdPersonExampleMap.ThirdPersonExampleMap:PersistentLevel.ThirdPersonExampleMap' with GeneratedClass '/Game/ThirdPersonBP/Maps/ThirdPersonExampleMap.ThirdPersonExampleMap_C' with ClassGeneratedBy '/Game/ThirdPersonBP/Maps/ThirdPersonExampleMap.ThirdPersonExampleMap:PersistentLevel.ThirdPersonExampleMap'
[2017.10.17-22.32.33:727][776]LogBlueprintUserMessages: Early EndPlayMap Detection: Level '/Game/ThirdPersonBP/Maps/ThirdPersonExampleMap.ThirdPersonExampleMap:PersistentLevel' has LevelScriptBlueprint '/Game/ThirdPersonBP/Maps/ThirdPersonExampleMap.ThirdPersonExampleMap:PersistentLevel.ThirdPersonExampleMap' with GeneratedClass '/Game/ThirdPersonBP/Maps/ThirdPersonExampleMap.ThirdPersonExampleMap_C' with ClassGeneratedBy '/Game/ThirdPersonBP/Maps/ThirdPersonExampleMap.ThirdPersonExampleMap:PersistentLevel.ThirdPersonExampleMap'
[2017.10.17-22.32.33:778][776]LogBlueprintUserMessages: Late EndPlayMap Detection: Level '/Game/ThirdPersonBP/Maps/ThirdPersonExampleMap.ThirdPersonExampleMap:PersistentLevel' has LevelScriptBlueprint '/Game/ThirdPersonBP/Maps/ThirdPersonExampleMap.ThirdPersonExampleMap:PersistentLevel.ThirdPersonExampleMap' with GeneratedClass '/Game/ThirdPersonBP/Maps/ThirdPersonExampleMap.ThirdPersonExampleMap_C' with ClassGeneratedBy '/Game/ThirdPersonBP/Maps/ThirdPersonExampleMap.ThirdPersonExampleMap:PersistentLevel.ThirdPersonExampleMap'
[2017.10.17-22.32.45:203][983]LogActorFactory: Actor Factory created pine
[2017.10.17-22.32.47:251][189]LogActorFactory: Actor Factory created pine
[2017.10.17-22.32.48:983][364]LogEditorViewport: Clicking on Actor (LMB): StaticMeshActor (pine449)
[2017.10.17-22.32.59:861][322]LogTemp: Repeating last play command: Selected Viewport
[2017.10.17-22.32.59:878][322]LogBlueprintUserMessages: Early PlayInEditor Detection: Level '/Game/ThirdPersonBP/Maps/ThirdPersonExampleMap.ThirdPersonExampleMap:PersistentLevel' has LevelScriptBlueprint '/Game/ThirdPersonBP/Maps/ThirdPersonExampleMap.ThirdPersonExampleMap:PersistentLevel.ThirdPersonExampleMap' with GeneratedClass '/Game/ThirdPersonBP/Maps/ThirdPersonExampleMap.ThirdPersonExampleMap_C' with ClassGeneratedBy '/Game/ThirdPersonBP/Maps/ThirdPersonExampleMap.ThirdPersonExampleMap:PersistentLevel.ThirdPersonExampleMap'
[2017.10.17-22.32.59:878][322]LogPlayLevel: PlayLevel: No blueprints needed recompiling
[2017.10.17-22.32.59:878][322]PIE: New page: Sesión PIE (reproducción en el editor): ThirdPersonExampleMap (18/10/2017 0:32:59)
[2017.10.17-22.32.59:878][322]LogPlayLevel: Creating play world package: /Game/ThirdPersonBP/Maps/UEDPIE_0_ThirdPersonExampleMap
[2017.10.17-22.32.59:909][322]LogPlayLevel: PIE: StaticDuplicateObject took: (0.030820s)
[2017.10.17-22.32.59:909][322]LogAIModule: Creating AISystem for world ThirdPersonExampleMap
[2017.10.17-22.32.59:909][322]LogPlayLevel: PIE: World Init took: (0.000550s)
[2017.10.17-22.32.59:909][322]LogPlayLevel: PIE: Created PIE world by copying editor world from /Game/ThirdPersonBP/Maps/ThirdPersonExampleMap.ThirdPersonExampleMap to /Game/ThirdPersonBP/Maps/UEDPIE_0_ThirdPersonExampleMap.ThirdPersonExampleMap (0.031740s)
[2017.10.17-22.32.59:922][322]LogInit: XAudio2 using 'Altavoces (Dispositivo de High Definition Audio)' : 2 channels at 48 kHz using 16 bits per sample (channel mask 0x3)
[2017.10.17-22.32.59:928][322]LogInit: FAudioDevice initialized.
[2017.10.17-22.32.59:956][322]LogLoad: Game class is 'ThirdPersonGameMode_C'
[2017.10.17-22.32.59:972][322]LogWorld: Bringing World /Game/ThirdPersonBP/Maps/UEDPIE_0_ThirdPersonExampleMap.ThirdPersonExampleMap up for play (max tick rate 0) at 2017.10.17-23.32.59
[2017.10.17-22.32.59:973][322]LogWorld: Bringing up level for play took: 0.015862
[2017.10.17-22.32.59:974][322]PIE: Tiempo de inicio de la reproducción en el editor para  /Game/ThirdPersonBP/Maps/UEDPIE_0_ThirdPersonExampleMap 0,491
[2017.10.17-22.32.59:974][322]LogBlueprintUserMessages: Late PlayInEditor Detection: Level '/Game/ThirdPersonBP/Maps/ThirdPersonExampleMap.ThirdPersonExampleMap:PersistentLevel' has LevelScriptBlueprint '/Game/ThirdPersonBP/Maps/ThirdPersonExampleMap.ThirdPersonExampleMap:PersistentLevel.ThirdPersonExampleMap' with GeneratedClass '/Game/ThirdPersonBP/Maps/ThirdPersonExampleMap.ThirdPersonExampleMap_C' with ClassGeneratedBy '/Game/ThirdPersonBP/Maps/ThirdPersonExampleMap.ThirdPersonExampleMap:PersistentLevel.ThirdPersonExampleMap'
[2017.10.17-22.33.12:571][678]LogBlueprintUserMessages: Early EndPlayMap Detection: Level '/Game/ThirdPersonBP/Maps/ThirdPersonExampleMap.ThirdPersonExampleMap:PersistentLevel' has LevelScriptBlueprint '/Game/ThirdPersonBP/Maps/ThirdPersonExampleMap.ThirdPersonExampleMap:PersistentLevel.ThirdPersonExampleMap' with GeneratedClass '/Game/ThirdPersonBP/Maps/ThirdPersonExampleMap.ThirdPersonExampleMap_C' with ClassGeneratedBy '/Game/ThirdPersonBP/Maps/ThirdPersonExampleMap.ThirdPersonExampleMap:PersistentLevel.ThirdPersonExampleMap'
[2017.10.17-22.33.12:625][678]LogBlueprintUserMessages: Late EndPlayMap Detection: Level '/Game/ThirdPersonBP/Maps/ThirdPersonExampleMap.ThirdPersonExampleMap:PersistentLevel' has LevelScriptBlueprint '/Game/ThirdPersonBP/Maps/ThirdPersonExampleMap.ThirdPersonExampleMap:PersistentLevel.ThirdPersonExampleMap' with GeneratedClass '/Game/ThirdPersonBP/Maps/ThirdPersonExampleMap.ThirdPersonExampleMap_C' with ClassGeneratedBy '/Game/ThirdPersonBP/Maps/ThirdPersonExampleMap.ThirdPersonExampleMap:PersistentLevel.ThirdPersonExampleMap'
[2017.10.17-22.33.17:242][184]LogEditorViewport: Clicking on Actor (LMB): StaticMeshActor (monolite99)
[2017.10.17-22.33.23:078][823]LogTemp: Repeating last play command: Selected Viewport
[2017.10.17-22.33.23:095][823]LogBlueprintUserMessages: Early PlayInEditor Detection: Level '/Game/ThirdPersonBP/Maps/ThirdPersonExampleMap.ThirdPersonExampleMap:PersistentLevel' has LevelScriptBlueprint '/Game/ThirdPersonBP/Maps/ThirdPersonExampleMap.ThirdPersonExampleMap:PersistentLevel.ThirdPersonExampleMap' with GeneratedClass '/Game/ThirdPersonBP/Maps/ThirdPersonExampleMap.ThirdPersonExampleMap_C' with ClassGeneratedBy '/Game/ThirdPersonBP/Maps/ThirdPersonExampleMap.ThirdPersonExampleMap:PersistentLevel.ThirdPersonExampleMap'
[2017.10.17-22.33.23:095][823]LogPlayLevel: PlayLevel: No blueprints needed recompiling
[2017.10.17-22.33.23:095][823]PIE: New page: Sesión PIE (reproducción en el editor): ThirdPersonExampleMap (18/10/2017 0:33:23)
[2017.10.17-22.33.23:095][823]LogPlayLevel: Creating play world package: /Game/ThirdPersonBP/Maps/UEDPIE_0_ThirdPersonExampleMap
[2017.10.17-22.33.23:125][823]LogPlayLevel: PIE: StaticDuplicateObject took: (0.029665s)
[2017.10.17-22.33.23:125][823]LogAIModule: Creating AISystem for world ThirdPersonExampleMap
[2017.10.17-22.33.23:125][823]LogPlayLevel: PIE: World Init took: (0.000539s)
[2017.10.17-22.33.23:126][823]LogPlayLevel: PIE: Created PIE world by copying editor world from /Game/ThirdPersonBP/Maps/ThirdPersonExampleMap.ThirdPersonExampleMap to /Game/ThirdPersonBP/Maps/UEDPIE_0_ThirdPersonExampleMap.ThirdPersonExampleMap (0.030681s)
[2017.10.17-22.33.23:137][823]LogInit: XAudio2 using 'Altavoces (Dispositivo de High Definition Audio)' : 2 channels at 48 kHz using 16 bits per sample (channel mask 0x3)
[2017.10.17-22.33.23:143][823]LogInit: FAudioDevice initialized.
[2017.10.17-22.33.23:174][823]LogLoad: Game class is 'ThirdPersonGameMode_C'
[2017.10.17-22.33.23:190][823]LogWorld: Bringing World /Game/ThirdPersonBP/Maps/UEDPIE_0_ThirdPersonExampleMap.ThirdPersonExampleMap up for play (max tick rate 0) at 2017.10.17-23.33.23
[2017.10.17-22.33.23:191][823]LogWorld: Bringing up level for play took: 0.016176
[2017.10.17-22.33.23:192][823]PIE: Tiempo de inicio de la reproducción en el editor para  /Game/ThirdPersonBP/Maps/UEDPIE_0_ThirdPersonExampleMap -0,291
[2017.10.17-22.33.23:193][823]LogBlueprintUserMessages: Late PlayInEditor Detection: Level '/Game/ThirdPersonBP/Maps/ThirdPersonExampleMap.ThirdPersonExampleMap:PersistentLevel' has LevelScriptBlueprint '/Game/ThirdPersonBP/Maps/ThirdPersonExampleMap.ThirdPersonExampleMap:PersistentLevel.ThirdPersonExampleMap' with GeneratedClass '/Game/ThirdPersonBP/Maps/ThirdPersonExampleMap.ThirdPersonExampleMap_C' with ClassGeneratedBy '/Game/ThirdPersonBP/Maps/ThirdPersonExampleMap.ThirdPersonExampleMap:PersistentLevel.ThirdPersonExampleMap'
[2017.10.17-22.33.37:599][360]LogBlueprintUserMessages: Early EndPlayMap Detection: Level '/Game/ThirdPersonBP/Maps/ThirdPersonExampleMap.ThirdPersonExampleMap:PersistentLevel' has LevelScriptBlueprint '/Game/ThirdPersonBP/Maps/ThirdPersonExampleMap.ThirdPersonExampleMap:PersistentLevel.ThirdPersonExampleMap' with GeneratedClass '/Game/ThirdPersonBP/Maps/ThirdPersonExampleMap.ThirdPersonExampleMap_C' with ClassGeneratedBy '/Game/ThirdPersonBP/Maps/ThirdPersonExampleMap.ThirdPersonExampleMap:PersistentLevel.ThirdPersonExampleMap'
[2017.10.17-22.33.37:654][360]LogBlueprintUserMessages: Late EndPlayMap Detection: Level '/Game/ThirdPersonBP/Maps/ThirdPersonExampleMap.ThirdPersonExampleMap:PersistentLevel' has LevelScriptBlueprint '/Game/ThirdPersonBP/Maps/ThirdPersonExampleMap.ThirdPersonExampleMap:PersistentLevel.ThirdPersonExampleMap' with GeneratedClass '/Game/ThirdPersonBP/Maps/ThirdPersonExampleMap.ThirdPersonExampleMap_C' with ClassGeneratedBy '/Game/ThirdPersonBP/Maps/ThirdPersonExampleMap.ThirdPersonExampleMap:PersistentLevel.ThirdPersonExampleMap'
[2017.10.17-22.33.46:864][327]LogEditorViewport: Clicking on Actor (LMB): StaticMeshActor (monolite99)
[2017.10.17-22.33.54:868][175]LogTemp: Repeating last play command: Selected Viewport
[2017.10.17-22.33.54:885][175]LogBlueprintUserMessages: Early PlayInEditor Detection: Level '/Game/ThirdPersonBP/Maps/ThirdPersonExampleMap.ThirdPersonExampleMap:PersistentLevel' has LevelScriptBlueprint '/Game/ThirdPersonBP/Maps/ThirdPersonExampleMap.ThirdPersonExampleMap:PersistentLevel.ThirdPersonExampleMap' with GeneratedClass '/Game/ThirdPersonBP/Maps/ThirdPersonExampleMap.ThirdPersonExampleMap_C' with ClassGeneratedBy '/Game/ThirdPersonBP/Maps/ThirdPersonExampleMap.ThirdPersonExampleMap:PersistentLevel.ThirdPersonExampleMap'
[2017.10.17-22.33.54:885][175]LogPlayLevel: PlayLevel: No blueprints needed recompiling
[2017.10.17-22.33.54:885][175]PIE: New page: Sesión PIE (reproducción en el editor): ThirdPersonExampleMap (18/10/2017 0:33:54)
[2017.10.17-22.33.54:885][175]LogPlayLevel: Creating play world package: /Game/ThirdPersonBP/Maps/UEDPIE_0_ThirdPersonExampleMap
[2017.10.17-22.33.54:915][175]LogPlayLevel: PIE: StaticDuplicateObject took: (0.029768s)
[2017.10.17-22.33.54:915][175]LogAIModule: Creating AISystem for world ThirdPersonExampleMap
[2017.10.17-22.33.54:915][175]LogPlayLevel: PIE: World Init took: (0.000568s)
[2017.10.17-22.33.54:916][175]LogPlayLevel: PIE: Created PIE world by copying editor world from /Game/ThirdPersonBP/Maps/ThirdPersonExampleMap.ThirdPersonExampleMap to /Game/ThirdPersonBP/Maps/UEDPIE_0_ThirdPersonExampleMap.ThirdPersonExampleMap (0.030750s)
[2017.10.17-22.33.54:925][175]LogInit: XAudio2 using 'Altavoces (Dispositivo de High Definition Audio)' : 2 channels at 48 kHz using 16 bits per sample (channel mask 0x3)
[2017.10.17-22.33.54:931][175]LogInit: FAudioDevice initialized.
[2017.10.17-22.33.54:964][175]LogLoad: Game class is 'ThirdPersonGameMode_C'
[2017.10.17-22.33.54:992][175]LogWorld: Bringing World /Game/ThirdPersonBP/Maps/UEDPIE_0_ThirdPersonExampleMap.ThirdPersonExampleMap up for play (max tick rate 0) at 2017.10.17-23.33.54
[2017.10.17-22.33.54:993][175]LogWorld: Bringing up level for play took: 0.027708
[2017.10.17-22.33.54:994][175]PIE: Tiempo de inicio de la reproducción en el editor para  /Game/ThirdPersonBP/Maps/UEDPIE_0_ThirdPersonExampleMap -0,489
[2017.10.17-22.33.54:995][175]LogBlueprintUserMessages: Late PlayInEditor Detection: Level '/Game/ThirdPersonBP/Maps/ThirdPersonExampleMap.ThirdPersonExampleMap:PersistentLevel' has LevelScriptBlueprint '/Game/ThirdPersonBP/Maps/ThirdPersonExampleMap.ThirdPersonExampleMap:PersistentLevel.ThirdPersonExampleMap' with GeneratedClass '/Game/ThirdPersonBP/Maps/ThirdPersonExampleMap.ThirdPersonExampleMap_C' with ClassGeneratedBy '/Game/ThirdPersonBP/Maps/ThirdPersonExampleMap.ThirdPersonExampleMap:PersistentLevel.ThirdPersonExampleMap'
[2017.10.17-22.34.07:996][598]LogBlueprintUserMessages: Early EndPlayMap Detection: Level '/Game/ThirdPersonBP/Maps/ThirdPersonExampleMap.ThirdPersonExampleMap:PersistentLevel' has LevelScriptBlueprint '/Game/ThirdPersonBP/Maps/ThirdPersonExampleMap.ThirdPersonExampleMap:PersistentLevel.ThirdPersonExampleMap' with GeneratedClass '/Game/ThirdPersonBP/Maps/ThirdPersonExampleMap.ThirdPersonExampleMap_C' with ClassGeneratedBy '/Game/ThirdPersonBP/Maps/ThirdPersonExampleMap.ThirdPersonExampleMap:PersistentLevel.ThirdPersonExampleMap'
[2017.10.17-22.34.08:056][598]LogBlueprintUserMessages: Late EndPlayMap Detection: Level '/Game/ThirdPersonBP/Maps/ThirdPersonExampleMap.ThirdPersonExampleMap:PersistentLevel' has LevelScriptBlueprint '/Game/ThirdPersonBP/Maps/ThirdPersonExampleMap.ThirdPersonExampleMap:PersistentLevel.ThirdPersonExampleMap' with GeneratedClass '/Game/ThirdPersonBP/Maps/ThirdPersonExampleMap.ThirdPersonExampleMap_C' with ClassGeneratedBy '/Game/ThirdPersonBP/Maps/ThirdPersonExampleMap.ThirdPersonExampleMap:PersistentLevel.ThirdPersonExampleMap'
[2017.10.17-22.34.25:728][500]LogEditorViewport: Clicking on Actor (LMB): StaticMeshActor (monolite99)
[2017.10.17-22.34.39:139][929]LogEditorViewport: Clicking on Actor (LMB): Emitter (portal_blue)
[2017.10.17-22.34.47:101][677]Cmd: TRANSACTION UNDO
[2017.10.17-22.34.47:101][677]LogEditorTransaction: Undo Ajustar rotación del actor
[2017.10.17-22.34.47:119][677]LogSlate: Took 0.000169 seconds to synchronously load lazily loaded font '../../../Engine/Content/Slate/Fonts/Roboto-Light.ttf' (159K)
[2017.10.17-22.35.02:556][121]LogEditorViewport: Clicking on Actor (LMB): StaticMeshActor (BasicFloorPlot)
[2017.10.17-22.35.09:937][880]LogTemp: Repeating last play command: Selected Viewport
[2017.10.17-22.35.09:954][880]LogBlueprintUserMessages: Early PlayInEditor Detection: Level '/Game/ThirdPersonBP/Maps/ThirdPersonExampleMap.ThirdPersonExampleMap:PersistentLevel' has LevelScriptBlueprint '/Game/ThirdPersonBP/Maps/ThirdPersonExampleMap.ThirdPersonExampleMap:PersistentLevel.ThirdPersonExampleMap' with GeneratedClass '/Game/ThirdPersonBP/Maps/ThirdPersonExampleMap.ThirdPersonExampleMap_C' with ClassGeneratedBy '/Game/ThirdPersonBP/Maps/ThirdPersonExampleMap.ThirdPersonExampleMap:PersistentLevel.ThirdPersonExampleMap'
[2017.10.17-22.35.09:954][880]LogPlayLevel: PlayLevel: No blueprints needed recompiling
[2017.10.17-22.35.09:954][880]PIE: New page: Sesión PIE (reproducción en el editor): ThirdPersonExampleMap (18/10/2017 0:35:09)
[2017.10.17-22.35.09:954][880]LogPlayLevel: Creating play world package: /Game/ThirdPersonBP/Maps/UEDPIE_0_ThirdPersonExampleMap
[2017.10.17-22.35.09:983][880]LogPlayLevel: PIE: StaticDuplicateObject took: (0.029284s)
[2017.10.17-22.35.09:984][880]LogAIModule: Creating AISystem for world ThirdPersonExampleMap
[2017.10.17-22.35.09:984][880]LogPlayLevel: PIE: World Init took: (0.000640s)
[2017.10.17-22.35.09:984][880]LogPlayLevel: PIE: Created PIE world by copying editor world from /Game/ThirdPersonBP/Maps/ThirdPersonExampleMap.ThirdPersonExampleMap to /Game/ThirdPersonBP/Maps/UEDPIE_0_ThirdPersonExampleMap.ThirdPersonExampleMap (0.030372s)
[2017.10.17-22.35.09:995][880]LogInit: XAudio2 using 'Altavoces (Dispositivo de High Definition Audio)' : 2 channels at 48 kHz using 16 bits per sample (channel mask 0x3)
[2017.10.17-22.35.10:001][880]LogInit: FAudioDevice initialized.
[2017.10.17-22.35.10:030][880]LogLoad: Game class is 'ThirdPersonGameMode_C'
[2017.10.17-22.35.10:046][880]LogWorld: Bringing World /Game/ThirdPersonBP/Maps/UEDPIE_0_ThirdPersonExampleMap.ThirdPersonExampleMap up for play (max tick rate 0) at 2017.10.17-23.35.10
[2017.10.17-22.35.10:047][880]LogWorld: Bringing up level for play took: 0.015913
[2017.10.17-22.35.10:048][880]PIE: Tiempo de inicio de la reproducción en el editor para  /Game/ThirdPersonBP/Maps/UEDPIE_0_ThirdPersonExampleMap 0,565
[2017.10.17-22.35.10:049][880]LogBlueprintUserMessages: Late PlayInEditor Detection: Level '/Game/ThirdPersonBP/Maps/ThirdPersonExampleMap.ThirdPersonExampleMap:PersistentLevel' has LevelScriptBlueprint '/Game/ThirdPersonBP/Maps/ThirdPersonExampleMap.ThirdPersonExampleMap:PersistentLevel.ThirdPersonExampleMap' with GeneratedClass '/Game/ThirdPersonBP/Maps/ThirdPersonExampleMap.ThirdPersonExampleMap_C' with ClassGeneratedBy '/Game/ThirdPersonBP/Maps/ThirdPersonExampleMap.ThirdPersonExampleMap:PersistentLevel.ThirdPersonExampleMap'
[2017.10.17-22.35.18:995][852]LogBlueprintUserMessages: Early EndPlayMap Detection: Level '/Game/ThirdPersonBP/Maps/ThirdPersonExampleMap.ThirdPersonExampleMap:PersistentLevel' has LevelScriptBlueprint '/Game/ThirdPersonBP/Maps/ThirdPersonExampleMap.ThirdPersonExampleMap:PersistentLevel.ThirdPersonExampleMap' with GeneratedClass '/Game/ThirdPersonBP/Maps/ThirdPersonExampleMap.ThirdPersonExampleMap_C' with ClassGeneratedBy '/Game/ThirdPersonBP/Maps/ThirdPersonExampleMap.ThirdPersonExampleMap:PersistentLevel.ThirdPersonExampleMap'
[2017.10.17-22.35.19:051][852]LogBlueprintUserMessages: Late EndPlayMap Detection: Level '/Game/ThirdPersonBP/Maps/ThirdPersonExampleMap.ThirdPersonExampleMap:PersistentLevel' has LevelScriptBlueprint '/Game/ThirdPersonBP/Maps/ThirdPersonExampleMap.ThirdPersonExampleMap:PersistentLevel.ThirdPersonExampleMap' with GeneratedClass '/Game/ThirdPersonBP/Maps/ThirdPersonExampleMap.ThirdPersonExampleMap_C' with ClassGeneratedBy '/Game/ThirdPersonBP/Maps/ThirdPersonExampleMap.ThirdPersonExampleMap:PersistentLevel.ThirdPersonExampleMap'
[2017.10.17-22.35.26:852][725]LogEditorViewport: Clicking on Actor (LMB): StaticMeshActor (monolite99)
[2017.10.17-22.35.35:974][597]LogEditorViewport: Clicking on Actor (LMB): StaticMeshActor (monolite99)
[2017.10.17-22.35.37:026][705]LogTemp: Repeating last play command: Selected Viewport
[2017.10.17-22.35.37:043][705]LogBlueprintUserMessages: Early PlayInEditor Detection: Level '/Game/ThirdPersonBP/Maps/ThirdPersonExampleMap.ThirdPersonExampleMap:PersistentLevel' has LevelScriptBlueprint '/Game/ThirdPersonBP/Maps/ThirdPersonExampleMap.ThirdPersonExampleMap:PersistentLevel.ThirdPersonExampleMap' with GeneratedClass '/Game/ThirdPersonBP/Maps/ThirdPersonExampleMap.ThirdPersonExampleMap_C' with ClassGeneratedBy '/Game/ThirdPersonBP/Maps/ThirdPersonExampleMap.ThirdPersonExampleMap:PersistentLevel.ThirdPersonExampleMap'
[2017.10.17-22.35.37:043][705]LogPlayLevel: PlayLevel: No blueprints needed recompiling
[2017.10.17-22.35.37:043][705]PIE: New page: Sesión PIE (reproducción en el editor): ThirdPersonExampleMap (18/10/2017 0:35:37)
[2017.10.17-22.35.37:043][705]LogPlayLevel: Creating play world package: /Game/ThirdPersonBP/Maps/UEDPIE_0_ThirdPersonExampleMap
[2017.10.17-22.35.37:073][705]LogPlayLevel: PIE: StaticDuplicateObject took: (0.030558s)
[2017.10.17-22.35.37:074][705]LogAIModule: Creating AISystem for world ThirdPersonExampleMap
[2017.10.17-22.35.37:074][705]LogPlayLevel: PIE: World Init took: (0.000543s)
[2017.10.17-22.35.37:074][705]LogPlayLevel: PIE: Created PIE world by copying editor world from /Game/ThirdPersonBP/Maps/ThirdPersonExampleMap.ThirdPersonExampleMap to /Game/ThirdPersonBP/Maps/UEDPIE_0_ThirdPersonExampleMap.ThirdPersonExampleMap (0.031561s)
[2017.10.17-22.35.37:087][705]LogInit: XAudio2 using 'Altavoces (Dispositivo de High Definition Audio)' : 2 channels at 48 kHz using 16 bits per sample (channel mask 0x3)
[2017.10.17-22.35.37:092][705]LogInit: FAudioDevice initialized.
[2017.10.17-22.35.37:127][705]LogLoad: Game class is 'ThirdPersonGameMode_C'
[2017.10.17-22.35.37:143][705]LogWorld: Bringing World /Game/ThirdPersonBP/Maps/UEDPIE_0_ThirdPersonExampleMap.ThirdPersonExampleMap up for play (max tick rate 0) at 2017.10.17-23.35.37
[2017.10.17-22.35.37:143][705]LogWorld: Bringing up level for play took: 0.015713
[2017.10.17-22.35.37:145][705]PIE: Tiempo de inicio de la reproducción en el editor para  /Game/ThirdPersonBP/Maps/UEDPIE_0_ThirdPersonExampleMap -0,338
[2017.10.17-22.35.37:145][705]LogBlueprintUserMessages: Late PlayInEditor Detection: Level '/Game/ThirdPersonBP/Maps/ThirdPersonExampleMap.ThirdPersonExampleMap:PersistentLevel' has LevelScriptBlueprint '/Game/ThirdPersonBP/Maps/ThirdPersonExampleMap.ThirdPersonExampleMap:PersistentLevel.ThirdPersonExampleMap' with GeneratedClass '/Game/ThirdPersonBP/Maps/ThirdPersonExampleMap.ThirdPersonExampleMap_C' with ClassGeneratedBy '/Game/ThirdPersonBP/Maps/ThirdPersonExampleMap.ThirdPersonExampleMap:PersistentLevel.ThirdPersonExampleMap'
[2017.10.17-22.35.51:269][176]LogBlueprintUserMessages: Early EndPlayMap Detection: Level '/Game/ThirdPersonBP/Maps/ThirdPersonExampleMap.ThirdPersonExampleMap:PersistentLevel' has LevelScriptBlueprint '/Game/ThirdPersonBP/Maps/ThirdPersonExampleMap.ThirdPersonExampleMap:PersistentLevel.ThirdPersonExampleMap' with GeneratedClass '/Game/ThirdPersonBP/Maps/ThirdPersonExampleMap.ThirdPersonExampleMap_C' with ClassGeneratedBy '/Game/ThirdPersonBP/Maps/ThirdPersonExampleMap.ThirdPersonExampleMap:PersistentLevel.ThirdPersonExampleMap'
[2017.10.17-22.35.51:324][176]LogBlueprintUserMessages: Late EndPlayMap Detection: Level '/Game/ThirdPersonBP/Maps/ThirdPersonExampleMap.ThirdPersonExampleMap:PersistentLevel' has LevelScriptBlueprint '/Game/ThirdPersonBP/Maps/ThirdPersonExampleMap.ThirdPersonExampleMap:PersistentLevel.ThirdPersonExampleMap' with GeneratedClass '/Game/ThirdPersonBP/Maps/ThirdPersonExampleMap.ThirdPersonExampleMap_C' with ClassGeneratedBy '/Game/ThirdPersonBP/Maps/ThirdPersonExampleMap.ThirdPersonExampleMap:PersistentLevel.ThirdPersonExampleMap'
[2017.10.17-22.36.00:385][135]LogTemp: Repeating last play command: Selected Viewport
[2017.10.17-22.36.00:401][135]LogBlueprintUserMessages: Early PlayInEditor Detection: Level '/Game/ThirdPersonBP/Maps/ThirdPersonExampleMap.ThirdPersonExampleMap:PersistentLevel' has LevelScriptBlueprint '/Game/ThirdPersonBP/Maps/ThirdPersonExampleMap.ThirdPersonExampleMap:PersistentLevel.ThirdPersonExampleMap' with GeneratedClass '/Game/ThirdPersonBP/Maps/ThirdPersonExampleMap.ThirdPersonExampleMap_C' with ClassGeneratedBy '/Game/ThirdPersonBP/Maps/ThirdPersonExampleMap.ThirdPersonExampleMap:PersistentLevel.ThirdPersonExampleMap'
[2017.10.17-22.36.00:401][135]LogPlayLevel: PlayLevel: No blueprints needed recompiling
[2017.10.17-22.36.00:401][135]PIE: New page: Sesión PIE (reproducción en el editor): ThirdPersonExampleMap (18/10/2017 0:36:00)
[2017.10.17-22.36.00:401][135]LogPlayLevel: Creating play world package: /Game/ThirdPersonBP/Maps/UEDPIE_0_ThirdPersonExampleMap
[2017.10.17-22.36.00:429][135]LogPlayLevel: PIE: StaticDuplicateObject took: (0.027644s)
[2017.10.17-22.36.00:429][135]LogAIModule: Creating AISystem for world ThirdPersonExampleMap
[2017.10.17-22.36.00:429][135]LogPlayLevel: PIE: World Init took: (0.000520s)
[2017.10.17-22.36.00:430][135]LogPlayLevel: PIE: Created PIE world by copying editor world from /Game/ThirdPersonBP/Maps/ThirdPersonExampleMap.ThirdPersonExampleMap to /Game/ThirdPersonBP/Maps/UEDPIE_0_ThirdPersonExampleMap.ThirdPersonExampleMap (0.028608s)
[2017.10.17-22.36.00:442][135]LogInit: XAudio2 using 'Altavoces (Dispositivo de High Definition Audio)' : 2 channels at 48 kHz using 16 bits per sample (channel mask 0x3)
[2017.10.17-22.36.00:447][135]LogInit: FAudioDevice initialized.
[2017.10.17-22.36.00:481][135]LogLoad: Game class is 'ThirdPersonGameMode_C'
[2017.10.17-22.36.00:514][135]LogWorld: Bringing World /Game/ThirdPersonBP/Maps/UEDPIE_0_ThirdPersonExampleMap.ThirdPersonExampleMap up for play (max tick rate 0) at 2017.10.17-23.36.00
[2017.10.17-22.36.00:515][135]LogWorld: Bringing up level for play took: 0.031859
[2017.10.17-22.36.00:516][135]PIE: Tiempo de inicio de la reproducción en el editor para  /Game/ThirdPersonBP/Maps/UEDPIE_0_ThirdPersonExampleMap 1,033
[2017.10.17-22.36.00:517][135]LogBlueprintUserMessages: Late PlayInEditor Detection: Level '/Game/ThirdPersonBP/Maps/ThirdPersonExampleMap.ThirdPersonExampleMap:PersistentLevel' has LevelScriptBlueprint '/Game/ThirdPersonBP/Maps/ThirdPersonExampleMap.ThirdPersonExampleMap:PersistentLevel.ThirdPersonExampleMap' with GeneratedClass '/Game/ThirdPersonBP/Maps/ThirdPersonExampleMap.ThirdPersonExampleMap_C' with ClassGeneratedBy '/Game/ThirdPersonBP/Maps/ThirdPersonExampleMap.ThirdPersonExampleMap:PersistentLevel.ThirdPersonExampleMap'
[2017.10.17-22.36.07:477][846]LogBlueprintUserMessages: Early EndPlayMap Detection: Level '/Game/ThirdPersonBP/Maps/ThirdPersonExampleMap.ThirdPersonExampleMap:PersistentLevel' has LevelScriptBlueprint '/Game/ThirdPersonBP/Maps/ThirdPersonExampleMap.ThirdPersonExampleMap:PersistentLevel.ThirdPersonExampleMap' with GeneratedClass '/Game/ThirdPersonBP/Maps/ThirdPersonExampleMap.ThirdPersonExampleMap_C' with ClassGeneratedBy '/Game/ThirdPersonBP/Maps/ThirdPersonExampleMap.ThirdPersonExampleMap:PersistentLevel.ThirdPersonExampleMap'
[2017.10.17-22.36.07:562][846]LogBlueprintUserMessages: Late EndPlayMap Detection: Level '/Game/ThirdPersonBP/Maps/ThirdPersonExampleMap.ThirdPersonExampleMap:PersistentLevel' has LevelScriptBlueprint '/Game/ThirdPersonBP/Maps/ThirdPersonExampleMap.ThirdPersonExampleMap:PersistentLevel.ThirdPersonExampleMap' with GeneratedClass '/Game/ThirdPersonBP/Maps/ThirdPersonExampleMap.ThirdPersonExampleMap_C' with ClassGeneratedBy '/Game/ThirdPersonBP/Maps/ThirdPersonExampleMap.ThirdPersonExampleMap:PersistentLevel.ThirdPersonExampleMap'
[2017.10.17-22.36.33:007][227]LogSlate: Took 0.000233 seconds to synchronously load lazily loaded font '../../../Engine/Content/Slate/Fonts/Roboto-Light.ttf' (159K)
[2017.10.17-22.36.33:931][227]LogSavePackage: Save=827.70ms
[2017.10.17-22.36.33:931][227]LogSavePackage: Moving '../../../../../../Users/Eduardo/Documents/Unreal Projects/4TheElemetsUEProject/Saved/ThirdPersonExampleMap_Auto1F68709A5425F24E738B7DD8090A66AAC.tmp' to '../../../../../../Users/Eduardo/Documents/Unreal Projects/4TheElemetsUEProject/Saved/Autosaves/Game/ThirdPersonBP/Maps/ThirdPersonExampleMap_Auto1.umap'
[2017.10.17-22.36.33:933][227]LogSavePackage: Display: Finished SavePackage ../../../../../../Users/Eduardo/Documents/Unreal Projects/4TheElemetsUEProject/Saved/Autosaves/Game/ThirdPersonBP/Maps/ThirdPersonExampleMap_Auto1.umap
[2017.10.17-22.36.33:935][227]LogFileHelpers: Editor autosave (incl. sublevels) for '/Game/ThirdPersonBP/Maps/ThirdPersonExampleMap' took 0.898
[2017.10.17-22.36.33:936][227]LogFileHelpers: Editor autosave (incl. sublevels) for all levels took 0.898
[2017.10.17-22.39.12:059][907]LogSavePackage: Save=750.78ms
[2017.10.17-22.39.12:059][907]LogSavePackage: Moving '../../../../../../Users/Eduardo/Documents/Unreal Projects/4TheElemetsUEProject/Saved/ThirdPersonExampleMapF001C5C14285383EDC4E5A8D364444D1.tmp' to '../../../../../../Users/Eduardo/Documents/Unreal Projects/4TheElemetsUEProject/Content/ThirdPersonBP/Maps/ThirdPersonExampleMap.umap'
[2017.10.17-22.39.12:065][907]LogSavePackage: Display: Finished SavePackage ../../../../../../Users/Eduardo/Documents/Unreal Projects/4TheElemetsUEProject/Content/ThirdPersonBP/Maps/ThirdPersonExampleMap.umap
[2017.10.17-22.39.12:369][907]LogSavePackage: Save=259.18ms
[2017.10.17-22.39.12:369][907]LogSavePackage: Moving '../../../../../../Users/Eduardo/Documents/Unreal Projects/4TheElemetsUEProject/Saved/ThirdPersonExampleMap_BuiltData31054C8946B6168856B93CA1CC0C2426.tmp' to '../../../../../../Users/Eduardo/Documents/Unreal Projects/4TheElemetsUEProject/Content/ThirdPersonBP/Maps/ThirdPersonExampleMap_BuiltData.uasset'
[2017.10.17-22.39.12:371][907]LogSavePackage: Display: Finished SavePackage ../../../../../../Users/Eduardo/Documents/Unreal Projects/4TheElemetsUEProject/Content/ThirdPersonBP/Maps/ThirdPersonExampleMap_BuiltData.uasset
[2017.10.17-22.39.38:831][ 41]LogSavePackage: Save=756.26ms
[2017.10.17-22.39.38:831][ 41]LogSavePackage: Moving '../../../../../../Users/Eduardo/Documents/Unreal Projects/4TheElemetsUEProject/Saved/ThirdPersonExampleMap9BB499CD4174091A9D1C0C96DFFB00FA.tmp' to '../../../../../../Users/Eduardo/Documents/Unreal Projects/4TheElemetsUEProject/Content/ThirdPersonBP/Maps/ThirdPersonExampleMap.umap'
[2017.10.17-22.39.38:833][ 41]LogSavePackage: Display: Finished SavePackage ../../../../../../Users/Eduardo/Documents/Unreal Projects/4TheElemetsUEProject/Content/ThirdPersonBP/Maps/ThirdPersonExampleMap.umap
[2017.10.17-22.39.39:059][ 41]LogSavePackage: Save=189.07ms
[2017.10.17-22.39.39:060][ 41]LogSavePackage: Moving '../../../../../../Users/Eduardo/Documents/Unreal Projects/4TheElemetsUEProject/Saved/ThirdPersonExampleMap_BuiltDataD15AF2A844CAA24655E474982BF89843.tmp' to '../../../../../../Users/Eduardo/Documents/Unreal Projects/4TheElemetsUEProject/Content/ThirdPersonBP/Maps/ThirdPersonExampleMap_BuiltData.uasset'
[2017.10.17-22.39.39:061][ 41]LogSavePackage: Display: Finished SavePackage ../../../../../../Users/Eduardo/Documents/Unreal Projects/4TheElemetsUEProject/Content/ThirdPersonBP/Maps/ThirdPersonExampleMap_BuiltData.uasset
[2017.10.17-22.39.41:605][267]Cmd: QUIT_EDITOR
[2017.10.17-22.39.42:050][267]LogWindowsTextInputMethodSystem: Display: IME system now deactivated.
[2017.10.17-22.39.42:064][267]LogExit: Preparing to exit.
[2017.10.17-22.39.43:203][267]LogDirectoryWatcher: A directory notification for 'C:/Users/Eduardo/Documents/Unreal Projects/4TheElemetsUEProject/Content/' was aborted.
[2017.10.17-22.39.43:231][267]LogExit: Editor shut down
[2017.10.17-22.39.43:238][267]LogExit: Transaction tracking system shut down
[2017.10.17-22.39.43:348][267]LogDirectoryWatcher: A directory notification for '../../../Engine/Content/' was aborted.
[2017.10.17-22.39.43:349][267]LogDirectoryWatcher: A directory notification for '../../../../../../Users/Eduardo/Documents/Unreal Projects/4TheElemetsUEProject/Content/' was aborted.
[2017.10.17-22.39.43:349][267]LogDirectoryWatcher: A directory notification for '../../../Engine/Plugins/2D/Paper2D/Content/' was aborted.
[2017.10.17-22.39.43:349][267]LogDirectoryWatcher: A directory notification for '../../../Engine/Plugins/Runtime/Oculus/OculusVR/Content/' was aborted.
[2017.10.17-22.39.43:349][267]LogDirectoryWatcher: A directory notification for '../../../Engine/Plugins/Runtime/Steam/SteamVR/Content/' was aborted.
[2017.10.17-22.39.43:390][267]LogExit: Object subsystem successfully closed.
[2017.10.17-22.39.43:410][267]LogD3D11RHI: Shutdown
[2017.10.17-22.39.43:410][267]LogD3D11RHI: CleanupD3DDevice
[2017.10.17-22.39.43:483][267]LogD3D11RHI: ~FD3D11DynamicRHI
[2017.10.17-22.39.43:496][267]LogModuleManager: Shutting down and abandoning module MovieSceneCapture (532)
[2017.10.17-22.39.43:496][267]LogModuleManager: Shutting down and abandoning module HierarchicalLODOutliner (530)
[2017.10.17-22.39.43:496][267]LogModuleManager: Shutting down and abandoning module SceneOutliner (528)
[2017.10.17-22.39.43:496][267]LogModuleManager: Shutting down and abandoning module AddContentDialog (526)
[2017.10.17-22.39.43:496][267]LogDirectoryWatcher: A directory notification for 'C:/Program Files/Epic Games/UE_4.17/FeaturePacks/' was aborted.
[2017.10.17-22.39.43:501][267]LogModuleManager: Shutting down and abandoning module WidgetCarousel (525)
[2017.10.17-22.39.43:501][267]LogModuleManager: Shutting down and abandoning module EditorWidgets (522)
[2017.10.17-22.39.43:501][267]LogModuleManager: Shutting down and abandoning module CollectionManager (520)
[2017.10.17-22.39.43:501][267]LogDirectoryWatcher: A directory notification for 'C:/Users/Eduardo/Documents/Unreal Projects/4TheElemetsUEProject/Content/Collections/' was aborted.
[2017.10.17-22.39.43:501][267]LogDirectoryWatcher: A directory notification for 'C:/Users/Eduardo/Documents/Unreal Projects/4TheElemetsUEProject/Content/Developers/Eduardo/Collections/' was aborted.
[2017.10.17-22.39.43:501][267]LogDirectoryWatcher: A directory notification for 'C:/Users/Eduardo/Documents/Unreal Projects/4TheElemetsUEProject/Saved/Collections/' was aborted.
[2017.10.17-22.39.43:501][267]LogModuleManager: Shutting down and abandoning module StatsViewer (518)
[2017.10.17-22.39.43:501][267]LogModuleManager: Shutting down and abandoning module FoliageEdit (516)
[2017.10.17-22.39.43:501][267]LogModuleManager: Shutting down and abandoning module LandscapeEditor (514)
[2017.10.17-22.39.43:501][267]LogModuleManager: Shutting down and abandoning module MeshPaintMode (512)
[2017.10.17-22.39.43:501][267]LogModuleManager: Shutting down and abandoning module SceneDepthPickerMode (510)
[2017.10.17-22.39.43:501][267]LogModuleManager: Shutting down and abandoning module ActorPickerMode (508)
[2017.10.17-22.39.43:501][267]LogModuleManager: Shutting down and abandoning module GeometryMode (506)
[2017.10.17-22.39.43:501][267]LogModuleManager: Shutting down and abandoning module TextureAlignMode (504)
[2017.10.17-22.39.43:501][267]LogModuleManager: Shutting down and abandoning module BspMode (502)
[2017.10.17-22.39.43:501][267]LogModuleManager: Shutting down and abandoning module PIEPreviewDeviceProfileSelector (500)
[2017.10.17-22.39.43:501][267]LogModuleManager: Shutting down and abandoning module HardwareSurvey (498)
[2017.10.17-22.39.43:501][267]LogModuleManager: Shutting down and abandoning module SequenceRecorderSections (496)
[2017.10.17-22.39.43:501][267]LogModuleManager: Shutting down and abandoning module AutomationWorker (494)
[2017.10.17-22.39.43:501][267]LogModuleManager: Shutting down and abandoning module MatineeToLevelSequence (492)
[2017.10.17-22.39.43:501][267]LogModuleManager: Shutting down and abandoning module LevelSequenceEditor (490)
[2017.10.17-22.39.43:501][267]LogModuleManager: Shutting down and abandoning module PlacementMode (489)
[2017.10.17-22.39.43:501][267]LogModuleManager: Shutting down and abandoning module WmfMediaFactory (486)
[2017.10.17-22.39.43:501][267]LogModuleManager: Shutting down and abandoning module WmfMediaEditor (484)
[2017.10.17-22.39.43:501][267]LogModuleManager: Shutting down and abandoning module AvfMediaFactory (482)
[2017.10.17-22.39.43:501][267]LogModuleManager: Shutting down and abandoning module AvfMediaEditor (480)
[2017.10.17-22.39.43:501][267]LogModuleManager: Shutting down and abandoning module AndroidMediaFactory (478)
[2017.10.17-22.39.43:501][267]LogModuleManager: Shutting down and abandoning module Media (477)
[2017.10.17-22.39.43:501][267]LogModuleManager: Shutting down and abandoning module AndroidMediaEditor (474)
[2017.10.17-22.39.43:501][267]LogModuleManager: Shutting down and abandoning module CharacterAI (472)
[2017.10.17-22.39.43:501][267]LogModuleManager: Shutting down and abandoning module AudioCapture (470)
[2017.10.17-22.39.43:501][267]LogModuleManager: Shutting down and abandoning module SequenceRecorder (469)
[2017.10.17-22.39.43:501][267]LogModuleManager: Shutting down and abandoning module SmartSnapping (466)
[2017.10.17-22.39.43:502][267]LogModuleManager: Shutting down and abandoning module SessionServices (464)
[2017.10.17-22.39.43:502][267]LogModuleManager: Shutting down and abandoning module ViewportSnapping (462)
[2017.10.17-22.39.43:502][267]LogModuleManager: Shutting down and abandoning module ViewportInteraction (460)
[2017.10.17-22.39.43:502][267]LogModuleManager: Shutting down and abandoning module ClothPainter (458)
[2017.10.17-22.39.43:502][267]LogModuleManager: Shutting down and abandoning module LogVisualizer (456)
[2017.10.17-22.39.43:502][267]LogModuleManager: Shutting down and abandoning module IntroTutorials (454)
[2017.10.17-22.39.43:502][267]LogModuleManager: Shutting down and abandoning module GameProjectGeneration (453)
[2017.10.17-22.39.43:502][267]LogModuleManager: Shutting down and abandoning module IOSPlatformEditor (450)
[2017.10.17-22.39.43:502][267]LogModuleManager: Shutting down and abandoning module HTML5PlatformEditor (448)
[2017.10.17-22.39.43:502][267]LogModuleManager: Shutting down and abandoning module AndroidPlatformEditor (446)
[2017.10.17-22.39.43:502][267]LogModuleManager: Shutting down and abandoning module AndroidDeviceDetection (445)
[2017.10.17-22.39.44:196][267]LogModuleManager: Shutting down and abandoning module WindowsPlatformEditor (442)
[2017.10.17-22.39.44:196][267]LogModuleManager: Shutting down and abandoning module IOSRuntimeSettings (440)
[2017.10.17-22.39.44:196][267]LogModuleManager: Shutting down and abandoning module AndroidRuntimeSettings (438)
[2017.10.17-22.39.44:196][267]LogModuleManager: Shutting down and abandoning module InputBindingEditor (436)
[2017.10.17-22.39.44:196][267]LogModuleManager: Shutting down and abandoning module MergeActors (434)
[2017.10.17-22.39.44:196][267]LogModuleManager: Shutting down and abandoning module SizeMap (432)
[2017.10.17-22.39.44:197][267]LogModuleManager: Shutting down and abandoning module TreeMap (430)
[2017.10.17-22.39.44:197][267]LogModuleManager: Shutting down and abandoning module ReferenceViewer (428)
[2017.10.17-22.39.44:197][267]LogModuleManager: Shutting down and abandoning module LocalizationDashboard (426)
[2017.10.17-22.39.44:197][267]LogModuleManager: Shutting down and abandoning module LocalizationService (425)
[2017.10.17-22.39.44:197][267]LogModuleManager: Shutting down and abandoning module HardwareTargeting (422)
[2017.10.17-22.39.44:197][267]LogModuleManager: Shutting down and abandoning module DeviceProfileEditor (420)
[2017.10.17-22.39.44:197][267]LogModuleManager: Shutting down and abandoning module UndoHistory (418)
[2017.10.17-22.39.44:197][267]LogModuleManager: Shutting down and abandoning module XmlParser (416)
[2017.10.17-22.39.44:197][267]LogModuleManager: Shutting down and abandoning module Blutility (414)
[2017.10.17-22.39.44:197][267]LogModuleManager: Shutting down and abandoning module ProjectSettingsViewer (412)
[2017.10.17-22.39.44:197][267]LogModuleManager: Shutting down and abandoning module ProjectTargetPlatformEditor (411)
[2017.10.17-22.39.44:197][267]LogModuleManager: Shutting down and abandoning module EditorSettingsViewer (408)
[2017.10.17-22.39.44:197][267]LogModuleManager: Shutting down and abandoning module SettingsEditor (406)
[2017.10.17-22.39.44:197][267]LogModuleManager: Shutting down and abandoning module ProjectLauncher (404)
[2017.10.17-22.39.44:197][267]LogModuleManager: Shutting down and abandoning module SessionFrontend (402)
[2017.10.17-22.39.44:197][267]LogModuleManager: Shutting down and abandoning module ProfilerClient (400)
[2017.10.17-22.39.44:197][267]LogModuleManager: Shutting down and abandoning module DeviceManager (398)
[2017.10.17-22.39.44:197][267]LogModuleManager: Shutting down and abandoning module TargetDeviceServices (397)
[2017.10.17-22.39.44:249][267]LogModuleManager: Shutting down and abandoning module AutomationController (394)
[2017.10.17-22.39.44:249][267]LogModuleManager: Shutting down and abandoning module AutomationWindow (392)
[2017.10.17-22.39.44:249][267]LogModuleManager: Shutting down and abandoning module Layers (390)
[2017.10.17-22.39.44:249][267]LogModuleManager: Shutting down and abandoning module ComponentVisualizers (388)
[2017.10.17-22.39.44:249][267]LogModuleManager: Shutting down and abandoning module DetailCustomizations (386)
[2017.10.17-22.39.44:249][267]LogModuleManager: Shutting down and abandoning module PackagesDialog (384)
[2017.10.17-22.39.44:250][267]LogModuleManager: Shutting down and abandoning module Persona (382)
[2017.10.17-22.39.44:250][267]LogModuleManager: Shutting down and abandoning module AdvancedPreviewScene (381)
[2017.10.17-22.39.44:250][267]LogModuleManager: Shutting down and abandoning module AnimGraph (379)
[2017.10.17-22.39.44:250][267]LogModuleManager: Shutting down and abandoning module Kismet (376)
[2017.10.17-22.39.44:251][267]LogModuleManager: Shutting down and abandoning module ClassViewer (374)
[2017.10.17-22.39.44:251][267]LogModuleManager: Shutting down and abandoning module Toolbox (372)
[2017.10.17-22.39.44:251][267]LogModuleManager: Shutting down and abandoning module ModuleUI (370)
[2017.10.17-22.39.44:251][267]LogModuleManager: Shutting down and abandoning module MovieSceneTools (368)
[2017.10.17-22.39.44:251][267]LogModuleManager: Shutting down and abandoning module OutputLog (366)
[2017.10.17-22.39.44:251][267]LogModuleManager: Shutting down and abandoning module GammaUI (364)
[2017.10.17-22.39.44:251][267]LogModuleManager: Shutting down and abandoning module Documentation (362)
[2017.10.17-22.39.44:251][267]LogModuleManager: Shutting down and abandoning module MovieSceneTracks (360)
[2017.10.17-22.39.44:251][267]LogModuleManager: Shutting down and abandoning module MovieScene (358)
[2017.10.17-22.39.44:251][267]LogModuleManager: Shutting down and abandoning module Niagara (356)
[2017.10.17-22.39.44:251][267]LogModuleManager: Shutting down and abandoning module NiagaraEditor (355)
[2017.10.17-22.39.44:251][267]LogModuleManager: Shutting down and abandoning module StreamingPauseRendering (352)
[2017.10.17-22.39.44:251][267]LogModuleManager: Shutting down and abandoning module LauncherPlatform (350)
[2017.10.17-22.39.44:251][267]LogModuleManager: Shutting down and abandoning module AnalyticsET (348)
[2017.10.17-22.39.44:251][267]LogModuleManager: Shutting down and abandoning module PortalServices (346)
[2017.10.17-22.39.44:251][267]LogModuleManager: Shutting down and abandoning module PortalRpc (344)
[2017.10.17-22.39.44:251][267]LogModuleManager: Shutting down and abandoning module MessagingRpc (342)
[2017.10.17-22.39.44:251][267]LogModuleManager: Shutting down and abandoning module AIModule (340)
[2017.10.17-22.39.44:251][267]LogModuleManager: Shutting down and abandoning module GameplayDebugger (339)
[2017.10.17-22.39.44:251][267]LogModuleManager: Shutting down and abandoning module AITestSuite (337)
[2017.10.17-22.39.44:252][267]LogModuleManager: Shutting down and abandoning module ProfilerService (334)
[2017.10.17-22.39.44:478][267]LogModuleManager: Shutting down and abandoning module TaskGraph (332)
[2017.10.17-22.39.44:479][267]LogModuleManager: Shutting down and abandoning module SteamVRController (330)
[2017.10.17-22.39.44:479][267]LogModuleManager: Shutting down and abandoning module ProceduralMeshComponentEditor (328)
[2017.10.17-22.39.44:479][267]LogModuleManager: Shutting down and abandoning module ProceduralMeshComponent (326)
[2017.10.17-22.39.44:479][267]LogModuleManager: Shutting down and abandoning module OculusInput (324)
[2017.10.17-22.39.44:479][267]LogModuleManager: Shutting down and abandoning module MobilePatchingUtils (322)
[2017.10.17-22.39.44:479][267]LogModuleManager: Shutting down and abandoning module CustomMeshComponent (320)
[2017.10.17-22.39.44:479][267]LogModuleManager: Shutting down and abandoning module CableComponent (318)
[2017.10.17-22.39.44:479][267]LogModuleManager: Shutting down and abandoning module ArchVisCharacter (316)
[2017.10.17-22.39.44:479][267]LogModuleManager: Shutting down and abandoning module AndroidPermission (314)
[2017.10.17-22.39.44:479][267]LogModuleManager: Shutting down and abandoning module MediaPlayerEditor (310)
[2017.10.17-22.39.44:479][267]LogModuleManager: Shutting down and abandoning module HTML5Networking (308)
[2017.10.17-22.39.44:479][267]LogModuleManager: Shutting down and abandoning module AlembicImporter (306)
[2017.10.17-22.39.44:479][267]LogModuleManager: Shutting down and abandoning module AlembicLibrary (305)
[2017.10.17-22.39.44:479][267]LogModuleManager: Shutting down and abandoning module GeometryCache (304)
[2017.10.17-22.39.44:479][267]LogModuleManager: Shutting down and abandoning module GeometryCacheEd (303)
[2017.10.17-22.39.44:479][267]LogModuleManager: Shutting down and abandoning module SpeedTreeImporter (298)
[2017.10.17-22.39.44:479][267]LogModuleManager: Shutting down and abandoning module PluginBrowser (296)
[2017.10.17-22.39.44:479][267]LogModuleManager: Shutting down and abandoning module MobileLauncherProfileWizard (294)
[2017.10.17-22.39.44:479][267]LogModuleManager: Shutting down and abandoning module VisualStudioSourceCodeAccess (292)
[2017.10.17-22.39.44:479][267]LogModuleManager: Shutting down and abandoning module DesktopPlatform (291)
[2017.10.17-22.39.44:479][267]LogModuleManager: Shutting down and abandoning module UObjectPlugin (288)
[2017.10.17-22.39.44:479][267]LogModuleManager: Shutting down and abandoning module SubversionSourceControl (286)
[2017.10.17-22.39.44:479][267]LogModuleManager: Shutting down and abandoning module PerforceSourceControl (284)
[2017.10.17-22.39.44:479][267]LogModuleManager: Shutting down and abandoning module GitSourceControl (282)
[2017.10.17-22.39.44:480][267]LogModuleManager: Shutting down and abandoning module SourceControl (281)
[2017.10.17-22.39.44:480][267]LogModuleManager: Shutting down and abandoning module LightPropagationVolumeEditor (278)
[2017.10.17-22.39.44:480][267]LogModuleManager: Shutting down and abandoning module PaperTiledImporter (276)
[2017.10.17-22.39.44:480][267]LogModuleManager: Shutting down and abandoning module PaperSpriteSheetImporter (274)
[2017.10.17-22.39.44:480][267]LogModuleManager: Shutting down and abandoning module Paper2DEditor (272)
[2017.10.17-22.39.44:480][267]LogModuleManager: Shutting down and abandoning module MeshPaint (271)
[2017.10.17-22.39.44:480][267]LogModuleManager: Shutting down and abandoning module LevelEditor (269)
[2017.10.17-22.39.44:481][267]LogModuleManager: Shutting down and abandoning module PixelInspectorModule (268)
[2017.10.17-22.39.44:481][267]LogModuleManager: Shutting down and abandoning module MainFrame (266)
[2017.10.17-22.39.44:481][267]LogModuleManager: Shutting down and abandoning module HotReload (265)
[2017.10.17-22.39.44:482][267]LogModuleManager: Shutting down and abandoning module RuntimePhysXCooking (260)
[2017.10.17-22.39.44:482][267]LogModuleManager: Shutting down and abandoning module PhysXVehiclesEditor (258)
[2017.10.17-22.39.44:482][267]LogModuleManager: Shutting down and abandoning module PhysXVehicles (256)
[2017.10.17-22.39.44:482][267]LogModuleManager: Shutting down and abandoning module OculusEditor (254)
[2017.10.17-22.39.44:483][267]LogModuleManager: Shutting down and abandoning module LocationServicesBPLibrary (252)
[2017.10.17-22.39.44:483][267]LogModuleManager: Shutting down and abandoning module ImmediatePhysicsEditor (250)
[2017.10.17-22.39.44:483][267]LogModuleManager: Shutting down and abandoning module ImmediatePhysics (248)
[2017.10.17-22.39.44:483][267]LogModuleManager: Shutting down and abandoning module UdpMessaging (246)
[2017.10.17-22.39.44:583][267]LogModuleManager: Shutting down and abandoning module TcpMessaging (244)
[2017.10.17-22.39.44:684][267]LogModuleManager: Shutting down and abandoning module GameplayTagsEditor (242)
[2017.10.17-22.39.44:684][267]LogModuleManager: Shutting down and abandoning module FacialAnimationEditor (240)
[2017.10.17-22.39.44:684][267]LogModuleManager: Shutting down and abandoning module FacialAnimation (238)
[2017.10.17-22.39.44:684][267]LogModuleManager: Shutting down and abandoning module AssetManagerEditor (236)
[2017.10.17-22.39.44:684][267]LogModuleManager: Shutting down and abandoning module GraphEditor (235)
[2017.10.17-22.39.44:684][267]LogModuleManager: Shutting down and abandoning module ContentBrowser (233)
[2017.10.17-22.39.44:685][267]LogModuleManager: Shutting down and abandoning module LightPropagationVolumeRuntime (230)
[2017.10.17-22.39.44:685][267]LogModuleManager: Shutting down and abandoning module Paper2D (228)
[2017.10.17-22.39.44:685][267]LogModuleManager: Shutting down and abandoning module WindowsMoviePlayer (226)
[2017.10.17-22.39.44:685][267]LogModuleManager: Shutting down and abandoning module WmfMedia (224)
[2017.10.17-22.39.44:685][267]LogModuleManager: Shutting down and abandoning module PacketHandler (222)
[2017.10.17-22.39.44:685][267]LogModuleManager: Shutting down and abandoning module ClothingSystemEditor (220)
[2017.10.17-22.39.44:685][267]LogModuleManager: Shutting down and abandoning module ClothingSystemRuntime (218)
[2017.10.17-22.39.44:685][267]LogModuleManager: Shutting down and abandoning module Overlay (216)
[2017.10.17-22.39.44:685][267]LogModuleManager: Shutting down and abandoning module OverlayEditor (215)
[2017.10.17-22.39.44:685][267]LogModuleManager: Shutting down and abandoning module MediaAssets (212)
[2017.10.17-22.39.44:685][267]LogModuleManager: Shutting down and abandoning module VREditor (210)
[2017.10.17-22.39.44:685][267]LogModuleManager: Shutting down and abandoning module StringTableEditor (208)
[2017.10.17-22.39.44:685][267]LogModuleManager: Shutting down and abandoning module GameplayTasksEditor (206)
[2017.10.17-22.39.44:685][267]LogModuleManager: Shutting down and abandoning module BehaviorTreeEditor (204)
[2017.10.17-22.39.44:685][267]LogModuleManager: Shutting down and abandoning module FunctionalTesting (202)
[2017.10.17-22.39.44:685][267]LogModuleManager: Shutting down and abandoning module CollisionAnalyzer (200)
[2017.10.17-22.39.44:685][267]LogModuleManager: Shutting down and abandoning module WorkspaceMenuStructure (199)
[2017.10.17-22.39.44:685][267]LogModuleManager: Shutting down and abandoning module UMG (196)
[2017.10.17-22.39.44:685][267]LogModuleManager: Shutting down and abandoning module UMGEditor (195)
[2017.10.17-22.39.44:685][267]LogModuleManager: Shutting down and abandoning module Sequencer (194)
[2017.10.17-22.39.44:685][267]LogModuleManager: Shutting down and abandoning module MessageLog (191)
[2017.10.17-22.39.44:685][267]LogModuleManager: Shutting down and abandoning module SlateReflector (186)
[2017.10.17-22.39.44:685][267]LogModuleManager: Shutting down and abandoning module Slate (184)
[2017.10.17-22.39.44:685][267]LogModuleManager: Shutting down and abandoning module EditorStyle (182)
[2017.10.17-22.39.44:687][267]LogModuleManager: Shutting down and abandoning module MRMesh (180)
[2017.10.17-22.39.44:687][267]LogModuleManager: Shutting down and abandoning module SourceCodeAccess (178)
[2017.10.17-22.39.44:687][267]LogModuleManager: Shutting down and abandoning module HeadMountedDisplay (176)
[2017.10.17-22.39.44:687][267]LogModuleManager: Shutting down and abandoning module XAudio2 (174)
[2017.10.17-22.39.44:687][267]LogModuleManager: Shutting down and abandoning module Networking (172)
[2017.10.17-22.39.44:687][267]LogModuleManager: Shutting down and abandoning module Core (168)
[2017.10.17-22.39.44:687][267]LogModuleManager: Shutting down and abandoning module KismetCompiler (164)
[2017.10.17-22.39.44:687][267]LogModuleManager: Shutting down and abandoning module LevelSequence (162)
[2017.10.17-22.39.44:687][267]LogModuleManager: Shutting down and abandoning module MeshUtilities (160)
[2017.10.17-22.39.44:687][267]LogModuleManager: Shutting down and abandoning module MeshMergeUtilities (159)
[2017.10.17-22.39.44:687][267]LogModuleManager: Shutting down and abandoning module MeshReductionInterface (158)
[2017.10.17-22.39.44:687][267]LogModuleManager: Shutting down and abandoning module SimplygonSwarm (157)
[2017.10.17-22.39.44:687][267]LogModuleManager: Shutting down and abandoning module SimplygonMeshReduction (155)
[2017.10.17-22.39.44:687][267]LogModuleManager: Shutting down and abandoning module QuadricMeshReduction (153)
[2017.10.17-22.39.44:687][267]LogModuleManager: Shutting down and abandoning module MaterialBaking (149)
[2017.10.17-22.39.44:687][267]LogModuleManager: Shutting down and abandoning module DirectoryWatcher (146)
[2017.10.17-22.39.44:688][267]LogModuleManager: Shutting down and abandoning module DerivedDataCache (144)
[2017.10.17-22.39.44:695][267]LogDerivedDataCache: Shutdown
[2017.10.17-22.39.44:695][267]LogModuleManager: Shutting down and abandoning module TargetPlatform (142)
[2017.10.17-22.39.44:695][267]LogModuleManager: Shutting down and abandoning module VulkanShaderFormat (141)
[2017.10.17-22.39.44:695][267]LogModuleManager: Shutting down and abandoning module ShaderFormatVectorVM (139)
[2017.10.17-22.39.44:695][267]LogModuleManager: Shutting down and abandoning module ShaderFormatOpenGL (137)
[2017.10.17-22.39.44:695][267]LogModuleManager: Shutting down and abandoning module ShaderFormatD3D (135)
[2017.10.17-22.39.44:695][267]LogModuleManager: Shutting down and abandoning module MetalShaderFormat (133)
[2017.10.17-22.39.44:695][267]LogModuleManager: Shutting down and abandoning module TextureFormatUncompressed (131)
[2017.10.17-22.39.44:695][267]LogModuleManager: Shutting down and abandoning module TextureFormatPVR (129)
[2017.10.17-22.39.44:695][267]LogModuleManager: Shutting down and abandoning module TextureFormatDXT (127)
[2017.10.17-22.39.44:695][267]LogModuleManager: Shutting down and abandoning module TextureFormatIntelISPCTexComp (125)
[2017.10.17-22.39.44:695][267]LogModuleManager: Shutting down and abandoning module TextureFormatASTC (123)
[2017.10.17-22.39.44:695][267]LogModuleManager: Shutting down and abandoning module ImageWrapper (122)
[2017.10.17-22.39.44:695][267]LogModuleManager: Shutting down and abandoning module TextureFormatAndroid (119)
[2017.10.17-22.39.44:695][267]LogModuleManager: Shutting down and abandoning module AudioFormatOpus (117)
[2017.10.17-22.39.44:695][267]LogModuleManager: Shutting down and abandoning module AudioFormatOgg (115)
[2017.10.17-22.39.44:695][267]LogModuleManager: Shutting down and abandoning module AudioFormatADPCM (113)
[2017.10.17-22.39.44:696][267]LogModuleManager: Shutting down and abandoning module LinuxTargetPlatform (111)
[2017.10.17-22.39.44:696][267]LogModuleManager: Shutting down and abandoning module LinuxServerTargetPlatform (109)
[2017.10.17-22.39.44:696][267]LogModuleManager: Shutting down and abandoning module LinuxNoEditorTargetPlatform (107)
[2017.10.17-22.39.44:696][267]LogModuleManager: Shutting down and abandoning module LinuxClientTargetPlatform (105)
[2017.10.17-22.39.44:696][267]LogModuleManager: Shutting down and abandoning module TVOSTargetPlatform (103)
[2017.10.17-22.39.44:696][267]LogModuleManager: Shutting down and abandoning module Messaging (101)
[2017.10.17-22.39.44:696][267]LogModuleManager: Shutting down and abandoning module IOSTargetPlatform (99)
[2017.10.17-22.39.44:696][267]LogModuleManager: Shutting down and abandoning module HTML5TargetPlatform (97)
[2017.10.17-22.39.44:696][267]LogModuleManager: Shutting down and abandoning module Android_PVRTCTargetPlatform (95)
[2017.10.17-22.39.44:696][267]LogModuleManager: Shutting down and abandoning module Android_MultiTargetPlatform (93)
[2017.10.17-22.39.44:696][267]LogModuleManager: Shutting down and abandoning module Android_ETC2TargetPlatform (91)
[2017.10.17-22.39.44:696][267]LogModuleManager: Shutting down and abandoning module Android_ETC1TargetPlatform (89)
[2017.10.17-22.39.44:696][267]LogModuleManager: Shutting down and abandoning module Android_DXTTargetPlatform (87)
[2017.10.17-22.39.44:696][267]LogModuleManager: Shutting down and abandoning module Android_ATCTargetPlatform (85)
[2017.10.17-22.39.44:696][267]LogModuleManager: Shutting down and abandoning module Android_ASTCTargetPlatform (83)
[2017.10.17-22.39.44:696][267]LogModuleManager: Shutting down and abandoning module AndroidTargetPlatform (81)
[2017.10.17-22.39.44:696][267]LogModuleManager: Shutting down and abandoning module WindowsTargetPlatform (79)
[2017.10.17-22.39.44:696][267]LogModuleManager: Shutting down and abandoning module WindowsServerTargetPlatform (77)
[2017.10.17-22.39.44:696][267]LogModuleManager: Shutting down and abandoning module WindowsNoEditorTargetPlatform (75)
[2017.10.17-22.39.44:696][267]LogModuleManager: Shutting down and abandoning module WindowsClientTargetPlatform (73)
[2017.10.17-22.39.44:696][267]LogModuleManager: Shutting down and abandoning module MacTargetPlatform (71)
[2017.10.17-22.39.44:696][267]LogModuleManager: Shutting down and abandoning module MacServerTargetPlatform (69)
[2017.10.17-22.39.44:696][267]LogModuleManager: Shutting down and abandoning module MacNoEditorTargetPlatform (67)
[2017.10.17-22.39.44:696][267]LogModuleManager: Shutting down and abandoning module MacClientTargetPlatform (65)
[2017.10.17-22.39.44:696][267]LogModuleManager: Shutting down and abandoning module AllDesktopTargetPlatform (63)
[2017.10.17-22.39.44:696][267]LogModuleManager: Shutting down and abandoning module InputCore (60)
[2017.10.17-22.39.44:696][267]LogModuleManager: Shutting down and abandoning module Settings (58)
[2017.10.17-22.39.44:696][267]LogModuleManager: Shutting down and abandoning module PhysXCooking (56)
[2017.10.17-22.39.44:696][267]LogModuleManager: Shutting down and abandoning module SteamVR (54)
[2017.10.17-22.39.44:696][267]LogModuleManager: Shutting down and abandoning module OculusHMD (52)
[2017.10.17-22.39.44:696][267]LogModuleManager: Shutting down and abandoning module ExampleDeviceProfileSelector (50)
[2017.10.17-22.39.44:696][267]LogModuleManager: Shutting down and abandoning module OnlineBlueprintSupport (48)
[2017.10.17-22.39.44:696][267]LogModuleManager: Shutting down and abandoning module OnlineSubsystem (44)
[2017.10.17-22.39.44:696][267]LogOnline: Display: Unloading online subsystem: NULL
[2017.10.17-22.39.44:696][267]LogModuleManager: Shutting down and abandoning module XMPP (43)
[2017.10.17-22.39.44:696][267]LogModuleManager: Shutting down and abandoning module HTTP (41)
[2017.10.17-22.39.44:696][267]LogHttp: Display: Http module shutting down, but needs to wait on 1 outstanding Http requests:
[2017.10.17-22.39.44:696][267]LogHttp: Display: 	verb=[POST] url=[https://datarouter.ol.epicgames.com/datarouter/api/v1/public/data?SessionID=%7B1B30CE2D-40B7-2E8C-8D2F-65A28DF53CB4%7D&AppID=UEEditor.Rocket.Release&AppVersion=4.17.2-3658906%2B%2B%2BUE4%2BRelease-4.17&UserID=c450e47d4e369750fbe0df8c42ea31fa%7C4c9128dfafa345f28f68fb1a1b0752d0%7Ccccbd95c-3fa7-453c-81b2-ea34a99879a4&AppEnvironment=datacollector-binary&UploadType=eteventstream] status=Processing
[2017.10.17-22.39.44:707][267]LogModuleManager: Shutting down and abandoning module SSL (40)
[2017.10.17-22.39.44:708][267]LogModuleManager: Shutting down and abandoning module AnimationModifiers (36)
[2017.10.17-22.39.44:709][267]LogModuleManager: Shutting down and abandoning module PropertyEditor (35)
[2017.10.17-22.39.44:709][267]LogModuleManager: Shutting down and abandoning module AudioEditor (32)
[2017.10.17-22.39.44:709][267]LogModuleManager: Shutting down and abandoning module TextureCompressor (30)
[2017.10.17-22.39.44:709][267]LogModuleManager: Shutting down and abandoning module ShaderCore (28)
[2017.10.17-22.39.44:709][267]LogModuleManager: Shutting down and abandoning module Landscape (26)
[2017.10.17-22.39.44:709][267]LogModuleManager: Shutting down and abandoning module SlateRHIRenderer (24)
[2017.10.17-22.39.44:709][267]LogModuleManager: Shutting down and abandoning module OpenGLDrv (22)
[2017.10.17-22.39.44:709][267]LogModuleManager: Shutting down and abandoning module D3D11RHI (20)
[2017.10.17-22.39.44:709][267]LogModuleManager: Shutting down and abandoning module AnimGraphRuntime (18)
[2017.10.17-22.39.44:709][267]LogModuleManager: Shutting down and abandoning module Renderer (16)
[2017.10.17-22.39.44:709][267]LogModuleManager: Shutting down and abandoning module Engine (14)
[2017.10.17-22.39.44:709][267]LogModuleManager: Shutting down and abandoning module CoreUObject (12)
[2017.10.17-22.39.44:709][267]LogModuleManager: Shutting down and abandoning module NetworkFile (10)
[2017.10.17-22.39.44:709][267]LogModuleManager: Shutting down and abandoning module CookedIterativeFile (8)
[2017.10.17-22.39.44:709][267]LogModuleManager: Shutting down and abandoning module StreamingFile (6)
[2017.10.17-22.39.44:709][267]LogModuleManager: Shutting down and abandoning module SandboxFile (4)
[2017.10.17-22.39.44:709][267]LogModuleManager: Shutting down and abandoning module PakFile (2)
[2017.10.17-22.39.44:712][267]LogExit: Exiting.
[2017.10.17-22.39.44:726][267]Log file closed, 10/17/17 23:39:44
